#
# There is insufficient memory for the Java Runtime Environment to continue.
# Native memory allocation (mmap) failed to map 65536 bytes. Error detail: Failed to commit metaspace.
# Possible reasons:
#   The system is out of physical RAM or swap space
#   This process is running with CompressedOops enabled, and the Java Heap may be blocking the growth of the native heap
# Possible solutions:
#   Reduce memory load on the system
#   Increase physical memory or swap space
#   Check if swap backing store is full
#   Decrease Java heap size (-Xmx/-Xms)
#   Decrease number of Java threads
#   Decrease Java thread stack sizes (-Xss)
#   Set larger code cache with -XX:ReservedCodeCacheSize=
#   JVM is running with Unscaled Compressed Oops mode in which the Java heap is
#     placed in the first 4GB address space. The Java Heap base address is the
#     maximum limit for the native heap growth. Please use -XX:HeapBaseMinAddress
#     to set the Java Heap base and to place the Java Heap above 4GB virtual address.
# This output file may be truncated or incomplete.
#
#  Out of Memory Error (virtualSpaceNode.cpp:110), pid=23260, tid=26568
#
# JRE version: OpenJDK Runtime Environment (17.0.11) (build 17.0.11+0--11852314)
# Java VM: OpenJDK 64-Bit Server VM (17.0.11+0--11852314, mixed mode, tiered, compressed oops, compressed class ptrs, g1 gc, windows-amd64)
# No core dump will be written. Minidumps are not enabled by default on client versions of Windows
#

---------------  S U M M A R Y ------------

Command Line: -Dorg.gradle.appname=gradlew org.gradle.wrapper.GradleWrapperMain -q -Ptarget-platform=android-arm64 -Ptarget=C:\Users\Dell\StudioProjects\matpit\lib\main.dart -Pbase-application-name=android.app.Application -Pdart-defines=Zmx1dHRlci5pbnNwZWN0b3Iuc3RydWN0dXJlZEVycm9ycz10cnVl -Pdart-obfuscation=false -Ptrack-widget-creation=true -Ptree-shake-icons=false -Pfilesystem-scheme=org-dartlang-root assembleDebug

Host: Intel(R) Core(TM) i5-8365U CPU @ 1.60GHz, 8 cores, 7G,  Windows 11 , 64 bit Build 22621 (10.0.22621.5124)
Time: Mon Aug 18 16:36:51 2025 India Standard Time elapsed time: 16.133107 seconds (0d 0h 0m 16s)

---------------  T H R E A D  ---------------

Current thread (0x0000027f7c04b4c0):  JavaThread "C1 CompilerThread0" daemon [_thread_in_vm, id=26568, stack(0x000000edf6500000,0x000000edf6600000)]


Current CompileTask:
C1:  16133 1234       3       java.util.concurrent.TimeUnit::convert (77 bytes)

Stack: [0x000000edf6500000,0x000000edf6600000]
Native frames: (J=compiled Java code, j=interpreted, Vv=VM code, C=native code)
V  [jvm.dll+0x687bb9]
V  [jvm.dll+0x84142a]
V  [jvm.dll+0x8430ae]
V  [jvm.dll+0x843713]
V  [jvm.dll+0x24a35f]
V  [jvm.dll+0x83c2bb]
V  [jvm.dll+0x62c046]
V  [jvm.dll+0x62c0aa]
V  [jvm.dll+0x62e8da]
V  [jvm.dll+0x62c9e6]
V  [jvm.dll+0x63dd8a]
V  [jvm.dll+0x636aea]
V  [jvm.dll+0x1cee10]
V  [jvm.dll+0x1cf000]
V  [jvm.dll+0x136ece]
V  [jvm.dll+0x1371f6]
V  [jvm.dll+0x13668a]
V  [jvm.dll+0x138341]
V  [jvm.dll+0x22b1ee]
V  [jvm.dll+0x229375]
V  [jvm.dll+0x7f5647]
V  [jvm.dll+0x7efa4a]
V  [jvm.dll+0x686a35]
C  [ucrtbase.dll+0x29333]
C  [KERNEL32.DLL+0x1259d]
C  [ntdll.dll+0x5af38]


---------------  P R O C E S S  ---------------

Threads class SMR info:
_java_thread_list=0x0000027f7cf49ed0, length=15, elements={
0x0000027f5debc2c0, 0x0000027f77b91c10, 0x0000027f77b929a0, 0x0000027f77bac520,
0x0000027f77bad2a0, 0x0000027f7c0458e0, 0x0000027f7c0461b0, 0x0000027f7c04aac0,
0x0000027f7c04b4c0, 0x0000027f7c065c20, 0x0000027f7c1bf640, 0x0000027f7c1c2e00,
0x0000027f7cb55ae0, 0x0000027f7cf94370, 0x0000027f7cf42580
}

Java Threads: ( => current thread )
  0x0000027f5debc2c0 JavaThread "main" [_thread_in_native, id=26832, stack(0x000000edf5700000,0x000000edf5800000)]
  0x0000027f77b91c10 JavaThread "Reference Handler" daemon [_thread_blocked, id=22456, stack(0x000000edf5e00000,0x000000edf5f00000)]
  0x0000027f77b929a0 JavaThread "Finalizer" daemon [_thread_blocked, id=8004, stack(0x000000edf5f00000,0x000000edf6000000)]
  0x0000027f77bac520 JavaThread "Signal Dispatcher" daemon [_thread_blocked, id=17748, stack(0x000000edf6000000,0x000000edf6100000)]
  0x0000027f77bad2a0 JavaThread "Attach Listener" daemon [_thread_blocked, id=1892, stack(0x000000edf6100000,0x000000edf6200000)]
  0x0000027f7c0458e0 JavaThread "Service Thread" daemon [_thread_blocked, id=6160, stack(0x000000edf6200000,0x000000edf6300000)]
  0x0000027f7c0461b0 JavaThread "Monitor Deflation Thread" daemon [_thread_blocked, id=15472, stack(0x000000edf6300000,0x000000edf6400000)]
  0x0000027f7c04aac0 JavaThread "C2 CompilerThread0" daemon [_thread_blocked, id=25808, stack(0x000000edf6400000,0x000000edf6500000)]
=>0x0000027f7c04b4c0 JavaThread "C1 CompilerThread0" daemon [_thread_in_vm, id=26568, stack(0x000000edf6500000,0x000000edf6600000)]
  0x0000027f7c065c20 JavaThread "Sweeper thread" daemon [_thread_blocked, id=18264, stack(0x000000edf6600000,0x000000edf6700000)]
  0x0000027f7c1bf640 JavaThread "Notification Thread" daemon [_thread_blocked, id=18004, stack(0x000000edf6700000,0x000000edf6800000)]
  0x0000027f7c1c2e00 JavaThread "Common-Cleaner" daemon [_thread_blocked, id=19152, stack(0x000000edf6900000,0x000000edf6a00000)]
  0x0000027f7cb55ae0 JavaThread "pool-1-thread-1" [_thread_blocked, id=21892, stack(0x000000edf6e00000,0x000000edf6f00000)]
  0x0000027f7cf94370 JavaThread "DisconnectableInputStream source reader" daemon [_thread_in_native, id=26312, stack(0x000000edf7000000,0x000000edf7100000)]
  0x0000027f7cf42580 JavaThread "Forward input" [_thread_blocked, id=26144, stack(0x000000edf7100000,0x000000edf7200000)]

Other Threads:
  0x0000027f77ba9b30 VMThread "VM Thread" [stack: 0x000000edf5d00000,0x000000edf5e00000] [id=14852]
  0x0000027f7c1c2140 WatcherThread [stack: 0x000000edf6800000,0x000000edf6900000] [id=21568]
  0x0000027f5df15f10 GCTaskThread "GC Thread#0" [stack: 0x000000edf5800000,0x000000edf5900000] [id=23952]
  0x0000027f7ce3e600 GCTaskThread "GC Thread#1" [stack: 0x000000edf6a00000,0x000000edf6b00000] [id=6796]
  0x0000027f7cb6c5e0 GCTaskThread "GC Thread#2" [stack: 0x000000edf6b00000,0x000000edf6c00000] [id=22744]
  0x0000027f7cc76c70 GCTaskThread "GC Thread#3" [stack: 0x000000edf6c00000,0x000000edf6d00000] [id=18152]
  0x0000027f7cc76f30 GCTaskThread "GC Thread#4" [stack: 0x000000edf6d00000,0x000000edf6e00000] [id=4892]
  0x0000027f5df268a0 ConcurrentGCThread "G1 Main Marker" [stack: 0x000000edf5900000,0x000000edf5a00000] [id=23032]
  0x0000027f5df272c0 ConcurrentGCThread "G1 Conc#0" [stack: 0x000000edf5a00000,0x000000edf5b00000] [id=7492]
  0x0000027f779f44e0 ConcurrentGCThread "G1 Refine#0" [stack: 0x000000edf5b00000,0x000000edf5c00000] [id=12584]
  0x0000027f779f4d20 ConcurrentGCThread "G1 Service" [stack: 0x000000edf5c00000,0x000000edf5d00000] [id=20528]

Threads with active compile tasks:
C1 CompilerThread0    16209 1234       3       java.util.concurrent.TimeUnit::convert (77 bytes)

VM state: not at safepoint (normal execution)

VM Mutex/Monitor currently owned by a thread:  ([mutex/lock_event])
[0x0000027f5deb7850] Metaspace_lock - owner thread: 0x0000027f7c04b4c0
[0x0000027f5deb6bf0] MethodData_lock - owner thread: 0x0000027f7c04b4c0

Heap address: 0x0000000082e00000, size: 2002 MB, Compressed Oops mode: 32-bit

CDS archive(s) not mapped
Compressed class space mapped at: 0x0000000100000000-0x0000000140000000, reserved size: 1073741824
Narrow klass base: 0x0000000000000000, Narrow klass shift: 3, Narrow klass range: 0x140000000

GC Precious Log:
 CPUs: 8 total, 8 available
 Memory: 8002M
 Large Page Support: Disabled
 NUMA Support: Disabled
 Compressed Oops: Enabled (32-bit)
 Heap Region Size: 1M
 Heap Min Capacity: 8M
 Heap Initial Capacity: 126M
 Heap Max Capacity: 2002M
 Pre-touch: Disabled
 Parallel Workers: 8
 Concurrent Workers: 2
 Concurrent Refinement Workers: 8
 Periodic GC: Disabled

Heap:
 garbage-first heap   total 129024K, used 25728K [0x0000000082e00000, 0x0000000100000000)
  region size 1024K, 19 young (19456K), 3 survivors (3072K)
 Metaspace       used 16851K, committed 17088K, reserved 1114112K
  class space    used 1965K, committed 2112K, reserved 1048576K

Heap Regions: E=young(eden), S=young(survivor), O=old, HS=humongous(starts), HC=humongous(continues), CS=collection set, F=free, OA=open archive, CA=closed archive, TAMS=top-at-mark-start (previous, next)
|   0|0x0000000082e00000, 0x0000000082f00000, 0x0000000082f00000|100%|HS|  |TAMS 0x0000000082e00000, 0x0000000082e00000| Complete 
|   1|0x0000000082f00000, 0x0000000083000000, 0x0000000083000000|100%|HC|  |TAMS 0x0000000082f00000, 0x0000000082f00000| Complete 
|   2|0x0000000083000000, 0x0000000083100000, 0x0000000083100000|100%|HC|  |TAMS 0x0000000083000000, 0x0000000083000000| Complete 
|   3|0x0000000083100000, 0x0000000083200000, 0x0000000083200000|100%|HC|  |TAMS 0x0000000083100000, 0x0000000083100000| Complete 
|   4|0x0000000083200000, 0x0000000083300000, 0x0000000083300000|100%| O|  |TAMS 0x0000000083200000, 0x0000000083200000| Untracked 
|   5|0x0000000083300000, 0x0000000083400000, 0x0000000083400000|100%| O|  |TAMS 0x0000000083300000, 0x0000000083300000| Untracked 
|   6|0x0000000083400000, 0x0000000083500000, 0x0000000083500000|100%| O|  |TAMS 0x0000000083400000, 0x0000000083400000| Untracked 
|   7|0x0000000083500000, 0x0000000083520000, 0x0000000083600000| 12%| O|  |TAMS 0x0000000083500000, 0x0000000083500000| Untracked 
|   8|0x0000000083600000, 0x0000000083600000, 0x0000000083700000|  0%| F|  |TAMS 0x0000000083600000, 0x0000000083600000| Untracked 
|   9|0x0000000083700000, 0x0000000083700000, 0x0000000083800000|  0%| F|  |TAMS 0x0000000083700000, 0x0000000083700000| Untracked 
|  10|0x0000000083800000, 0x0000000083800000, 0x0000000083900000|  0%| F|  |TAMS 0x0000000083800000, 0x0000000083800000| Untracked 
|  11|0x0000000083900000, 0x0000000083900000, 0x0000000083a00000|  0%| F|  |TAMS 0x0000000083900000, 0x0000000083900000| Untracked 
|  12|0x0000000083a00000, 0x0000000083a00000, 0x0000000083b00000|  0%| F|  |TAMS 0x0000000083a00000, 0x0000000083a00000| Untracked 
|  13|0x0000000083b00000, 0x0000000083b00000, 0x0000000083c00000|  0%| F|  |TAMS 0x0000000083b00000, 0x0000000083b00000| Untracked 
|  14|0x0000000083c00000, 0x0000000083c00000, 0x0000000083d00000|  0%| F|  |TAMS 0x0000000083c00000, 0x0000000083c00000| Untracked 
|  15|0x0000000083d00000, 0x0000000083d00000, 0x0000000083e00000|  0%| F|  |TAMS 0x0000000083d00000, 0x0000000083d00000| Untracked 
|  16|0x0000000083e00000, 0x0000000083e00000, 0x0000000083f00000|  0%| F|  |TAMS 0x0000000083e00000, 0x0000000083e00000| Untracked 
|  17|0x0000000083f00000, 0x0000000083f00000, 0x0000000084000000|  0%| F|  |TAMS 0x0000000083f00000, 0x0000000083f00000| Untracked 
|  18|0x0000000084000000, 0x0000000084000000, 0x0000000084100000|  0%| F|  |TAMS 0x0000000084000000, 0x0000000084000000| Untracked 
|  19|0x0000000084100000, 0x0000000084100000, 0x0000000084200000|  0%| F|  |TAMS 0x0000000084100000, 0x0000000084100000| Untracked 
|  20|0x0000000084200000, 0x0000000084200000, 0x0000000084300000|  0%| F|  |TAMS 0x0000000084200000, 0x0000000084200000| Untracked 
|  21|0x0000000084300000, 0x0000000084300000, 0x0000000084400000|  0%| F|  |TAMS 0x0000000084300000, 0x0000000084300000| Untracked 
|  22|0x0000000084400000, 0x0000000084400000, 0x0000000084500000|  0%| F|  |TAMS 0x0000000084400000, 0x0000000084400000| Untracked 
|  23|0x0000000084500000, 0x0000000084500000, 0x0000000084600000|  0%| F|  |TAMS 0x0000000084500000, 0x0000000084500000| Untracked 
|  24|0x0000000084600000, 0x0000000084600000, 0x0000000084700000|  0%| F|  |TAMS 0x0000000084600000, 0x0000000084600000| Untracked 
|  25|0x0000000084700000, 0x0000000084700000, 0x0000000084800000|  0%| F|  |TAMS 0x0000000084700000, 0x0000000084700000| Untracked 
|  26|0x0000000084800000, 0x0000000084800000, 0x0000000084900000|  0%| F|  |TAMS 0x0000000084800000, 0x0000000084800000| Untracked 
|  27|0x0000000084900000, 0x0000000084900000, 0x0000000084a00000|  0%| F|  |TAMS 0x0000000084900000, 0x0000000084900000| Untracked 
|  28|0x0000000084a00000, 0x0000000084a00000, 0x0000000084b00000|  0%| F|  |TAMS 0x0000000084a00000, 0x0000000084a00000| Untracked 
|  29|0x0000000084b00000, 0x0000000084b00000, 0x0000000084c00000|  0%| F|  |TAMS 0x0000000084b00000, 0x0000000084b00000| Untracked 
|  30|0x0000000084c00000, 0x0000000084c00000, 0x0000000084d00000|  0%| F|  |TAMS 0x0000000084c00000, 0x0000000084c00000| Untracked 
|  31|0x0000000084d00000, 0x0000000084d00000, 0x0000000084e00000|  0%| F|  |TAMS 0x0000000084d00000, 0x0000000084d00000| Untracked 
|  32|0x0000000084e00000, 0x0000000084e00000, 0x0000000084f00000|  0%| F|  |TAMS 0x0000000084e00000, 0x0000000084e00000| Untracked 
|  33|0x0000000084f00000, 0x0000000084f00000, 0x0000000085000000|  0%| F|  |TAMS 0x0000000084f00000, 0x0000000084f00000| Untracked 
|  34|0x0000000085000000, 0x0000000085000000, 0x0000000085100000|  0%| F|  |TAMS 0x0000000085000000, 0x0000000085000000| Untracked 
|  35|0x0000000085100000, 0x0000000085100000, 0x0000000085200000|  0%| F|  |TAMS 0x0000000085100000, 0x0000000085100000| Untracked 
|  36|0x0000000085200000, 0x0000000085200000, 0x0000000085300000|  0%| F|  |TAMS 0x0000000085200000, 0x0000000085200000| Untracked 
|  37|0x0000000085300000, 0x0000000085300000, 0x0000000085400000|  0%| F|  |TAMS 0x0000000085300000, 0x0000000085300000| Untracked 
|  38|0x0000000085400000, 0x0000000085400000, 0x0000000085500000|  0%| F|  |TAMS 0x0000000085400000, 0x0000000085400000| Untracked 
|  39|0x0000000085500000, 0x0000000085500000, 0x0000000085600000|  0%| F|  |TAMS 0x0000000085500000, 0x0000000085500000| Untracked 
|  40|0x0000000085600000, 0x0000000085600000, 0x0000000085700000|  0%| F|  |TAMS 0x0000000085600000, 0x0000000085600000| Untracked 
|  41|0x0000000085700000, 0x0000000085700000, 0x0000000085800000|  0%| F|  |TAMS 0x0000000085700000, 0x0000000085700000| Untracked 
|  42|0x0000000085800000, 0x0000000085800000, 0x0000000085900000|  0%| F|  |TAMS 0x0000000085800000, 0x0000000085800000| Untracked 
|  43|0x0000000085900000, 0x0000000085900000, 0x0000000085a00000|  0%| F|  |TAMS 0x0000000085900000, 0x0000000085900000| Untracked 
|  44|0x0000000085a00000, 0x0000000085a00000, 0x0000000085b00000|  0%| F|  |TAMS 0x0000000085a00000, 0x0000000085a00000| Untracked 
|  45|0x0000000085b00000, 0x0000000085b00000, 0x0000000085c00000|  0%| F|  |TAMS 0x0000000085b00000, 0x0000000085b00000| Untracked 
|  46|0x0000000085c00000, 0x0000000085c00000, 0x0000000085d00000|  0%| F|  |TAMS 0x0000000085c00000, 0x0000000085c00000| Untracked 
|  47|0x0000000085d00000, 0x0000000085d00000, 0x0000000085e00000|  0%| F|  |TAMS 0x0000000085d00000, 0x0000000085d00000| Untracked 
|  48|0x0000000085e00000, 0x0000000085e00000, 0x0000000085f00000|  0%| F|  |TAMS 0x0000000085e00000, 0x0000000085e00000| Untracked 
|  49|0x0000000085f00000, 0x0000000085f00000, 0x0000000086000000|  0%| F|  |TAMS 0x0000000085f00000, 0x0000000085f00000| Untracked 
|  50|0x0000000086000000, 0x0000000086000000, 0x0000000086100000|  0%| F|  |TAMS 0x0000000086000000, 0x0000000086000000| Untracked 
|  51|0x0000000086100000, 0x0000000086100000, 0x0000000086200000|  0%| F|  |TAMS 0x0000000086100000, 0x0000000086100000| Untracked 
|  52|0x0000000086200000, 0x0000000086200000, 0x0000000086300000|  0%| F|  |TAMS 0x0000000086200000, 0x0000000086200000| Untracked 
|  53|0x0000000086300000, 0x0000000086300000, 0x0000000086400000|  0%| F|  |TAMS 0x0000000086300000, 0x0000000086300000| Untracked 
|  54|0x0000000086400000, 0x0000000086400000, 0x0000000086500000|  0%| F|  |TAMS 0x0000000086400000, 0x0000000086400000| Untracked 
|  55|0x0000000086500000, 0x0000000086500000, 0x0000000086600000|  0%| F|  |TAMS 0x0000000086500000, 0x0000000086500000| Untracked 
|  56|0x0000000086600000, 0x0000000086600000, 0x0000000086700000|  0%| F|  |TAMS 0x0000000086600000, 0x0000000086600000| Untracked 
|  57|0x0000000086700000, 0x0000000086700000, 0x0000000086800000|  0%| F|  |TAMS 0x0000000086700000, 0x0000000086700000| Untracked 
|  58|0x0000000086800000, 0x0000000086800000, 0x0000000086900000|  0%| F|  |TAMS 0x0000000086800000, 0x0000000086800000| Untracked 
|  59|0x0000000086900000, 0x0000000086900000, 0x0000000086a00000|  0%| F|  |TAMS 0x0000000086900000, 0x0000000086900000| Untracked 
|  60|0x0000000086a00000, 0x0000000086a00000, 0x0000000086b00000|  0%| F|  |TAMS 0x0000000086a00000, 0x0000000086a00000| Untracked 
|  61|0x0000000086b00000, 0x0000000086b00000, 0x0000000086c00000|  0%| F|  |TAMS 0x0000000086b00000, 0x0000000086b00000| Untracked 
|  62|0x0000000086c00000, 0x0000000086c00000, 0x0000000086d00000|  0%| F|  |TAMS 0x0000000086c00000, 0x0000000086c00000| Untracked 
|  63|0x0000000086d00000, 0x0000000086d00000, 0x0000000086e00000|  0%| F|  |TAMS 0x0000000086d00000, 0x0000000086d00000| Untracked 
|  64|0x0000000086e00000, 0x0000000086e00000, 0x0000000086f00000|  0%| F|  |TAMS 0x0000000086e00000, 0x0000000086e00000| Untracked 
|  65|0x0000000086f00000, 0x0000000086f00000, 0x0000000087000000|  0%| F|  |TAMS 0x0000000086f00000, 0x0000000086f00000| Untracked 
|  66|0x0000000087000000, 0x0000000087000000, 0x0000000087100000|  0%| F|  |TAMS 0x0000000087000000, 0x0000000087000000| Untracked 
|  67|0x0000000087100000, 0x0000000087100000, 0x0000000087200000|  0%| F|  |TAMS 0x0000000087100000, 0x0000000087100000| Untracked 
|  68|0x0000000087200000, 0x0000000087200000, 0x0000000087300000|  0%| F|  |TAMS 0x0000000087200000, 0x0000000087200000| Untracked 
|  69|0x0000000087300000, 0x0000000087300000, 0x0000000087400000|  0%| F|  |TAMS 0x0000000087300000, 0x0000000087300000| Untracked 
|  70|0x0000000087400000, 0x0000000087400000, 0x0000000087500000|  0%| F|  |TAMS 0x0000000087400000, 0x0000000087400000| Untracked 
|  71|0x0000000087500000, 0x0000000087500000, 0x0000000087600000|  0%| F|  |TAMS 0x0000000087500000, 0x0000000087500000| Untracked 
|  72|0x0000000087600000, 0x0000000087600000, 0x0000000087700000|  0%| F|  |TAMS 0x0000000087600000, 0x0000000087600000| Untracked 
|  73|0x0000000087700000, 0x0000000087700000, 0x0000000087800000|  0%| F|  |TAMS 0x0000000087700000, 0x0000000087700000| Untracked 
|  74|0x0000000087800000, 0x0000000087800000, 0x0000000087900000|  0%| F|  |TAMS 0x0000000087800000, 0x0000000087800000| Untracked 
|  75|0x0000000087900000, 0x0000000087900000, 0x0000000087a00000|  0%| F|  |TAMS 0x0000000087900000, 0x0000000087900000| Untracked 
|  76|0x0000000087a00000, 0x0000000087a00000, 0x0000000087b00000|  0%| F|  |TAMS 0x0000000087a00000, 0x0000000087a00000| Untracked 
|  77|0x0000000087b00000, 0x0000000087b00000, 0x0000000087c00000|  0%| F|  |TAMS 0x0000000087b00000, 0x0000000087b00000| Untracked 
|  78|0x0000000087c00000, 0x0000000087c00000, 0x0000000087d00000|  0%| F|  |TAMS 0x0000000087c00000, 0x0000000087c00000| Untracked 
|  79|0x0000000087d00000, 0x0000000087d00000, 0x0000000087e00000|  0%| F|  |TAMS 0x0000000087d00000, 0x0000000087d00000| Untracked 
|  80|0x0000000087e00000, 0x0000000087e00000, 0x0000000087f00000|  0%| F|  |TAMS 0x0000000087e00000, 0x0000000087e00000| Untracked 
|  81|0x0000000087f00000, 0x0000000087f00000, 0x0000000088000000|  0%| F|  |TAMS 0x0000000087f00000, 0x0000000087f00000| Untracked 
|  82|0x0000000088000000, 0x0000000088000000, 0x0000000088100000|  0%| F|  |TAMS 0x0000000088000000, 0x0000000088000000| Untracked 
|  83|0x0000000088100000, 0x0000000088100000, 0x0000000088200000|  0%| F|  |TAMS 0x0000000088100000, 0x0000000088100000| Untracked 
|  84|0x0000000088200000, 0x0000000088200000, 0x0000000088300000|  0%| F|  |TAMS 0x0000000088200000, 0x0000000088200000| Untracked 
|  85|0x0000000088300000, 0x0000000088300000, 0x0000000088400000|  0%| F|  |TAMS 0x0000000088300000, 0x0000000088300000| Untracked 
|  86|0x0000000088400000, 0x0000000088400000, 0x0000000088500000|  0%| F|  |TAMS 0x0000000088400000, 0x0000000088400000| Untracked 
|  87|0x0000000088500000, 0x0000000088500000, 0x0000000088600000|  0%| F|  |TAMS 0x0000000088500000, 0x0000000088500000| Untracked 
|  88|0x0000000088600000, 0x0000000088600000, 0x0000000088700000|  0%| F|  |TAMS 0x0000000088600000, 0x0000000088600000| Untracked 
|  89|0x0000000088700000, 0x0000000088700000, 0x0000000088800000|  0%| F|  |TAMS 0x0000000088700000, 0x0000000088700000| Untracked 
|  90|0x0000000088800000, 0x0000000088800000, 0x0000000088900000|  0%| F|  |TAMS 0x0000000088800000, 0x0000000088800000| Untracked 
|  91|0x0000000088900000, 0x0000000088900000, 0x0000000088a00000|  0%| F|  |TAMS 0x0000000088900000, 0x0000000088900000| Untracked 
|  92|0x0000000088a00000, 0x0000000088a00000, 0x0000000088b00000|  0%| F|  |TAMS 0x0000000088a00000, 0x0000000088a00000| Untracked 
|  93|0x0000000088b00000, 0x0000000088b00000, 0x0000000088c00000|  0%| F|  |TAMS 0x0000000088b00000, 0x0000000088b00000| Untracked 
|  94|0x0000000088c00000, 0x0000000088c00000, 0x0000000088d00000|  0%| F|  |TAMS 0x0000000088c00000, 0x0000000088c00000| Untracked 
|  95|0x0000000088d00000, 0x0000000088d00000, 0x0000000088e00000|  0%| F|  |TAMS 0x0000000088d00000, 0x0000000088d00000| Untracked 
|  96|0x0000000088e00000, 0x0000000088e00000, 0x0000000088f00000|  0%| F|  |TAMS 0x0000000088e00000, 0x0000000088e00000| Untracked 
|  97|0x0000000088f00000, 0x0000000088f00000, 0x0000000089000000|  0%| F|  |TAMS 0x0000000088f00000, 0x0000000088f00000| Untracked 
|  98|0x0000000089000000, 0x0000000089000000, 0x0000000089100000|  0%| F|  |TAMS 0x0000000089000000, 0x0000000089000000| Untracked 
|  99|0x0000000089100000, 0x0000000089100000, 0x0000000089200000|  0%| F|  |TAMS 0x0000000089100000, 0x0000000089100000| Untracked 
| 100|0x0000000089200000, 0x0000000089300000, 0x0000000089300000|100%| S|CS|TAMS 0x0000000089200000, 0x0000000089200000| Complete 
| 101|0x0000000089300000, 0x0000000089400000, 0x0000000089400000|100%| S|CS|TAMS 0x0000000089300000, 0x0000000089300000| Complete 
| 102|0x0000000089400000, 0x0000000089500000, 0x0000000089500000|100%| S|CS|TAMS 0x0000000089400000, 0x0000000089400000| Complete 
| 103|0x0000000089500000, 0x0000000089500000, 0x0000000089600000|  0%| F|  |TAMS 0x0000000089500000, 0x0000000089500000| Untracked 
| 104|0x0000000089600000, 0x0000000089600000, 0x0000000089700000|  0%| F|  |TAMS 0x0000000089600000, 0x0000000089600000| Untracked 
| 105|0x0000000089700000, 0x0000000089700000, 0x0000000089800000|  0%| F|  |TAMS 0x0000000089700000, 0x0000000089700000| Untracked 
| 106|0x0000000089800000, 0x0000000089800000, 0x0000000089900000|  0%| F|  |TAMS 0x0000000089800000, 0x0000000089800000| Untracked 
| 107|0x0000000089900000, 0x0000000089900000, 0x0000000089a00000|  0%| F|  |TAMS 0x0000000089900000, 0x0000000089900000| Untracked 
| 108|0x0000000089a00000, 0x0000000089a00000, 0x0000000089b00000|  0%| F|  |TAMS 0x0000000089a00000, 0x0000000089a00000| Untracked 
| 109|0x0000000089b00000, 0x0000000089b00000, 0x0000000089c00000|  0%| F|  |TAMS 0x0000000089b00000, 0x0000000089b00000| Untracked 
| 110|0x0000000089c00000, 0x0000000089d00000, 0x0000000089d00000|100%| E|  |TAMS 0x0000000089c00000, 0x0000000089c00000| Complete 
| 111|0x0000000089d00000, 0x0000000089e00000, 0x0000000089e00000|100%| E|CS|TAMS 0x0000000089d00000, 0x0000000089d00000| Complete 
| 112|0x0000000089e00000, 0x0000000089f00000, 0x0000000089f00000|100%| E|CS|TAMS 0x0000000089e00000, 0x0000000089e00000| Complete 
| 113|0x0000000089f00000, 0x000000008a000000, 0x000000008a000000|100%| E|CS|TAMS 0x0000000089f00000, 0x0000000089f00000| Complete 
| 114|0x000000008a000000, 0x000000008a100000, 0x000000008a100000|100%| E|CS|TAMS 0x000000008a000000, 0x000000008a000000| Complete 
| 115|0x000000008a100000, 0x000000008a200000, 0x000000008a200000|100%| E|CS|TAMS 0x000000008a100000, 0x000000008a100000| Complete 
| 116|0x000000008a200000, 0x000000008a300000, 0x000000008a300000|100%| E|CS|TAMS 0x000000008a200000, 0x000000008a200000| Complete 
| 117|0x000000008a300000, 0x000000008a400000, 0x000000008a400000|100%| E|CS|TAMS 0x000000008a300000, 0x000000008a300000| Complete 
| 118|0x000000008a400000, 0x000000008a500000, 0x000000008a500000|100%| E|CS|TAMS 0x000000008a400000, 0x000000008a400000| Complete 
| 119|0x000000008a500000, 0x000000008a600000, 0x000000008a600000|100%| E|CS|TAMS 0x000000008a500000, 0x000000008a500000| Complete 
| 120|0x000000008a600000, 0x000000008a700000, 0x000000008a700000|100%| E|CS|TAMS 0x000000008a600000, 0x000000008a600000| Complete 
| 121|0x000000008a700000, 0x000000008a800000, 0x000000008a800000|100%| E|CS|TAMS 0x000000008a700000, 0x000000008a700000| Complete 
| 122|0x000000008a800000, 0x000000008a900000, 0x000000008a900000|100%| E|CS|TAMS 0x000000008a800000, 0x000000008a800000| Complete 
| 123|0x000000008a900000, 0x000000008aa00000, 0x000000008aa00000|100%| E|CS|TAMS 0x000000008a900000, 0x000000008a900000| Complete 
| 124|0x000000008aa00000, 0x000000008ab00000, 0x000000008ab00000|100%| E|CS|TAMS 0x000000008aa00000, 0x000000008aa00000| Complete 
| 125|0x000000008ab00000, 0x000000008ac00000, 0x000000008ac00000|100%| E|CS|TAMS 0x000000008ab00000, 0x000000008ab00000| Complete 

Card table byte_map: [0x0000027f70ab0000,0x0000027f70ea0000] _byte_map_base: 0x0000027f70699000

Marking Bits (Prev, Next): (CMBitMap*) 0x0000027f5df16530, (CMBitMap*) 0x0000027f5df16570
 Prev Bits: [0x0000027f71290000, 0x0000027f731d8000)
 Next Bits: [0x0000027f731e0000, 0x0000027f75128000)

Polling page: 0x0000027f5be80000

Metaspace:

Usage:
  Non-class:     14.54 MB used.
      Class:      1.92 MB used.
       Both:     16.46 MB used.

Virtual space:
  Non-class space:       64.00 MB reserved,      14.62 MB ( 23%) committed,  1 nodes.
      Class space:        1.00 GB reserved,       2.06 MB ( <1%) committed,  1 nodes.
             Both:        1.06 GB reserved,      16.69 MB (  2%) committed. 

Chunk freelists:
   Non-Class:  638.00 KB
       Class:  13.98 MB
        Both:  14.61 MB

MaxMetaspaceSize: unlimited
CompressedClassSpaceSize: 1.00 GB
Initial GC threshold: 21.00 MB
Current GC threshold: 21.00 MB
CDS: off
MetaspaceReclaimPolicy: balanced
 - commit_granule_bytes: 65536.
 - commit_granule_words: 8192.
 - virtual_space_node_default_size: 8388608.
 - enlarge_chunks_in_place: 1.
 - new_chunks_are_fully_committed: 0.
 - uncommit_free_chunks: 1.
 - use_allocation_guard: 0.
 - handle_deallocations: 1.


Internal statistics:

num_allocs_failed_limit: 0.
num_arena_births: 76.
num_arena_deaths: 0.
num_vsnodes_births: 2.
num_vsnodes_deaths: 0.
num_space_committed: 267.
num_space_uncommitted: 0.
num_chunks_returned_to_freelist: 0.
num_chunks_taken_from_freelist: 315.
num_chunk_merges: 0.
num_chunk_splits: 209.
num_chunks_enlarged: 180.
num_inconsistent_stats: 0.

CodeHeap 'non-profiled nmethods': size=120000Kb used=474Kb max_used=474Kb free=119525Kb
 bounds [0x0000027f68e60000, 0x0000027f690d0000, 0x0000027f70390000]
CodeHeap 'profiled nmethods': size=120000Kb used=2315Kb max_used=2315Kb free=117685Kb
 bounds [0x0000027f61390000, 0x0000027f61600000, 0x0000027f688c0000]
CodeHeap 'non-nmethods': size=5760Kb used=1166Kb max_used=1185Kb free=4593Kb
 bounds [0x0000027f688c0000, 0x0000027f68b30000, 0x0000027f68e60000]
 total_blobs=1695 nmethods=1233 adapters=375
 compilation: enabled
              stopped_count=0, restarted_count=0
 full_count=0

Compilation events (20 events):
Event: 13.526 Thread 0x0000027f7c04b4c0 nmethod 1224 0x0000027f615cfe10 code [0x0000027f615cffe0, 0x0000027f615d03f8]
Event: 13.621 Thread 0x0000027f7c04b4c0 1225       3       java.util.concurrent.locks.ReentrantLock::unlock (10 bytes)
Event: 13.622 Thread 0x0000027f7c04b4c0 nmethod 1225 0x0000027f615d0510 code [0x0000027f615d06e0, 0x0000027f615d09b8]
Event: 14.922 Thread 0x0000027f7c04b4c0 1226       3       java.util.concurrent.locks.AbstractQueuedSynchronizer::signalNext (34 bytes)
Event: 14.922 Thread 0x0000027f7c04b4c0 nmethod 1226 0x0000027f615d0b10 code [0x0000027f615d0ce0, 0x0000027f615d0f98]
Event: 15.522 Thread 0x0000027f7c04b4c0 1227       3       jdk.internal.misc.Unsafe::putReferenceOpaque (9 bytes)
Event: 15.522 Thread 0x0000027f7c04b4c0 nmethod 1227 0x0000027f615d1110 code [0x0000027f615d12a0, 0x0000027f615d13f8]
Event: 15.618 Thread 0x0000027f7c04b4c0 1228       3       java.util.concurrent.locks.LockSupport::setBlocker (12 bytes)
Event: 15.618 Thread 0x0000027f7c04b4c0 nmethod 1228 0x0000027f615d1490 code [0x0000027f615d1640, 0x0000027f615d1848]
Event: 15.820 Thread 0x0000027f7c04b4c0 1229       3       java.util.concurrent.locks.AbstractQueuedSynchronizer$ConditionObject::canReacquire (38 bytes)
Event: 15.821 Thread 0x0000027f7c04b4c0 nmethod 1229 0x0000027f615d1910 code [0x0000027f615d1ac0, 0x0000027f615d1e58]
Event: 15.932 Thread 0x0000027f7c04b4c0 1230       3       java.util.concurrent.TimeUnit::toNanos (45 bytes)
Event: 15.932 Thread 0x0000027f7c04b4c0 nmethod 1230 0x0000027f615d2010 code [0x0000027f615d21c0, 0x0000027f615d2438]
Event: 16.027 Thread 0x0000027f7c04b4c0 1231       3       java.util.concurrent.locks.ReentrantLock$Sync::isHeldExclusively (16 bytes)
Event: 16.027 Thread 0x0000027f7c04b4c0 nmethod 1231 0x0000027f615d2510 code [0x0000027f615d26a0, 0x0000027f615d2838]
Event: 16.027 Thread 0x0000027f7c04b4c0 1232       3       java.util.concurrent.ThreadPoolExecutor::workerCountOf (5 bytes)
Event: 16.027 Thread 0x0000027f7c04b4c0 nmethod 1232 0x0000027f615d2910 code [0x0000027f615d2aa0, 0x0000027f615d2b98]
Event: 16.122 Thread 0x0000027f7c04b4c0 1233       1       java.util.concurrent.ThreadPoolExecutor::getQueue (5 bytes)
Event: 16.122 Thread 0x0000027f7c04b4c0 nmethod 1233 0x0000027f68ed6610 code [0x0000027f68ed67a0, 0x0000027f68ed6878]
Event: 16.122 Thread 0x0000027f7c04b4c0 1234       3       java.util.concurrent.TimeUnit::convert (77 bytes)

GC Heap History (2 events):
Event: 3.273 GC heap before
{Heap before GC invocations=0 (full 0):
 garbage-first heap   total 129024K, used 26624K [0x0000000082e00000, 0x0000000100000000)
  region size 1024K, 23 young (23552K), 0 survivors (0K)
 Metaspace       used 11207K, committed 11328K, reserved 1114112K
  class space    used 1153K, committed 1216K, reserved 1048576K
}
Event: 3.286 GC heap after
{Heap after GC invocations=1 (full 0):
 garbage-first heap   total 129024K, used 10368K [0x0000000082e00000, 0x0000000100000000)
  region size 1024K, 3 young (3072K), 3 survivors (3072K)
 Metaspace       used 11207K, committed 11328K, reserved 1114112K
  class space    used 1153K, committed 1216K, reserved 1048576K
}

Dll operation events (2 events):
Event: 0.023 Loaded shared library C:\Program Files\Android\Android Studio1\jbr\bin\java.dll
Event: 0.255 Loaded shared library C:\Program Files\Android\Android Studio1\jbr\bin\verify.dll

Deoptimization events (20 events):
Event: 3.646 Thread 0x0000027f5debc2c0 DEOPT PACKING pc=0x0000027f68eb9d98 sp=0x000000edf57fc6b0
Event: 3.646 Thread 0x0000027f5debc2c0 DEOPT UNPACKING pc=0x0000027f689169a3 sp=0x000000edf57fc648 mode 2
Event: 3.662 Thread 0x0000027f5debc2c0 DEOPT PACKING pc=0x0000027f6142d3e5 sp=0x000000edf57fb7f0
Event: 3.662 Thread 0x0000027f5debc2c0 DEOPT UNPACKING pc=0x0000027f68917143 sp=0x000000edf57fac40 mode 0
Event: 3.669 Thread 0x0000027f5debc2c0 DEOPT PACKING pc=0x0000027f613eb1d6 sp=0x000000edf57f64c0
Event: 3.669 Thread 0x0000027f5debc2c0 DEOPT UNPACKING pc=0x0000027f68917143 sp=0x000000edf57f5948 mode 0
Event: 3.717 Thread 0x0000027f5debc2c0 Uncommon trap: trap_request=0xffffff45 fr.pc=0x0000027f68e94aec relative=0x000000000000112c
Event: 3.717 Thread 0x0000027f5debc2c0 Uncommon trap: reason=unstable_if action=reinterpret pc=0x0000027f68e94aec method=java.util.HashMap.putVal(ILjava/lang/Object;Ljava/lang/Object;ZZ)Ljava/lang/Object; @ 236 c2
Event: 3.717 Thread 0x0000027f5debc2c0 DEOPT PACKING pc=0x0000027f68e94aec sp=0x000000edf57fbad0
Event: 3.717 Thread 0x0000027f5debc2c0 DEOPT UNPACKING pc=0x0000027f689169a3 sp=0x000000edf57fba98 mode 2
Event: 3.808 Thread 0x0000027f5debc2c0 DEOPT PACKING pc=0x0000027f6147ee38 sp=0x000000edf57f6800
Event: 3.808 Thread 0x0000027f5debc2c0 DEOPT UNPACKING pc=0x0000027f68917143 sp=0x000000edf57f5d18 mode 0
Event: 4.202 Thread 0x0000027f5debc2c0 Uncommon trap: trap_request=0xffffff45 fr.pc=0x0000027f68e92e24 relative=0x0000000000000664
Event: 4.202 Thread 0x0000027f5debc2c0 Uncommon trap: reason=unstable_if action=reinterpret pc=0x0000027f68e92e24 method=java.lang.AbstractStringBuilder.append(Ljava/lang/String;)Ljava/lang/AbstractStringBuilder; @ 1 c2
Event: 4.202 Thread 0x0000027f5debc2c0 DEOPT PACKING pc=0x0000027f68e92e24 sp=0x000000edf57fc330
Event: 4.202 Thread 0x0000027f5debc2c0 DEOPT UNPACKING pc=0x0000027f689169a3 sp=0x000000edf57fc2b0 mode 2
Event: 4.202 Thread 0x0000027f5debc2c0 Uncommon trap: trap_request=0xffffff45 fr.pc=0x0000027f68eb3c24 relative=0x0000000000000664
Event: 4.202 Thread 0x0000027f5debc2c0 Uncommon trap: reason=unstable_if action=reinterpret pc=0x0000027f68eb3c24 method=java.lang.AbstractStringBuilder.append(Ljava/lang/String;)Ljava/lang/AbstractStringBuilder; @ 1 c2
Event: 4.202 Thread 0x0000027f5debc2c0 DEOPT PACKING pc=0x0000027f68eb3c24 sp=0x000000edf57fc2d0
Event: 4.202 Thread 0x0000027f5debc2c0 DEOPT UNPACKING pc=0x0000027f689169a3 sp=0x000000edf57fc2b8 mode 2

Classes unloaded (0 events):
No events

Classes redefined (0 events):
No events

Internal exceptions (19 events):
Event: 0.629 Thread 0x0000027f5debc2c0 Exception <a 'java/lang/NoSuchMethodError'{0x000000008a834800}: 'int java.lang.invoke.DirectMethodHandle$Holder.invokeStaticInit(java.lang.Object, java.lang.Object)'> (0x000000008a834800) 
thrown [s\src\hotspot\share\interpreter\linkResolver.cpp, line 771]
Event: 3.200 Thread 0x0000027f5debc2c0 Exception <a 'java/lang/NoSuchMethodError'{0x000000008951ae98}: 'void java.lang.invoke.DirectMethodHandle$Holder.invokeStatic(java.lang.Object, java.lang.Object)'> (0x000000008951ae98) 
thrown [s\src\hotspot\share\interpreter\linkResolver.cpp, line 771]
Event: 3.247 Thread 0x0000027f5debc2c0 Exception <a 'java/lang/NoClassDefFoundError'{0x00000000895a5ad8}: org/slf4j/impl/StaticMarkerBinder> (0x00000000895a5ad8) 
thrown [s\src\hotspot\share\classfile\systemDictionary.cpp, line 245]
Event: 3.311 Thread 0x0000027f5debc2c0 Exception <a 'java/lang/NoSuchMethodError'{0x000000008ab466b8}: 'java.lang.Object java.lang.invoke.DirectMethodHandle$Holder.invokeVirtual(java.lang.Object, java.lang.Object, java.lang.Object, java.lang.Object, java.lang.Object, java.lang.Object, java.lang.Object)'> (0x000000008ab466b8) 
thrown [s\src\hotspot\share\interpreter\linkResolver.cpp, line 771]
Event: 3.314 Thread 0x0000027f5debc2c0 Exception <a 'java/lang/NoSuchMethodError'{0x000000008ab57c48}: 'java.lang.Object java.lang.invoke.Invokers$Holder.invoker(java.lang.Object, java.lang.Object, java.lang.Object)'> (0x000000008ab57c48) 
thrown [s\src\hotspot\share\interpreter\linkResolver.cpp, line 771]
Event: 3.318 Thread 0x0000027f5debc2c0 Exception <a 'java/lang/NoSuchMethodError'{0x000000008ab60df8}: 'java.lang.Object java.lang.invoke.DirectMethodHandle$Holder.invokeStatic(java.lang.Object, java.lang.Object, int)'> (0x000000008ab60df8) 
thrown [s\src\hotspot\share\interpreter\linkResolver.cpp, line 771]
Event: 3.322 Thread 0x0000027f5debc2c0 Exception <a 'java/lang/NoSuchMethodError'{0x000000008ab6cae8}: 'void java.lang.invoke.DelegatingMethodHandle$Holder.delegate(java.lang.Object, java.lang.Object, int, java.lang.Object)'> (0x000000008ab6cae8) 
thrown [s\src\hotspot\share\interpreter\linkResolver.cpp, line 771]
Event: 3.323 Thread 0x0000027f5debc2c0 Exception <a 'java/lang/NoSuchMethodError'{0x000000008ab70cb0}: 'int java.lang.invoke.DirectMethodHandle$Holder.invokeSpecial(java.lang.Object, java.lang.Object, java.lang.Object)'> (0x000000008ab70cb0) 
thrown [s\src\hotspot\share\interpreter\linkResolver.cpp, line 771]
Event: 3.331 Thread 0x0000027f5debc2c0 Exception <a 'java/lang/NoSuchMethodError'{0x000000008abc92d0}: 'java.lang.Object java.lang.invoke.Invokers$Holder.invokeExact_MT(java.lang.Object, java.lang.Object, java.lang.Object, java.lang.Object)'> (0x000000008abc92d0) 
thrown [s\src\hotspot\share\interpreter\linkResolver.cpp, line 771]
Event: 3.628 Thread 0x0000027f5debc2c0 Exception <a 'java/lang/NoSuchMethodError'{0x000000008a531760}: 'void java.lang.invoke.DirectMethodHandle$Holder.invokeSpecial(java.lang.Object, java.lang.Object, java.lang.Object)'> (0x000000008a531760) 
thrown [s\src\hotspot\share\interpreter\linkResolver.cpp, line 771]
Event: 3.646 Thread 0x0000027f5debc2c0 Implicit null exception at 0x0000027f68eb4e0f to 0x0000027f68eb5378
Event: 3.646 Thread 0x0000027f5debc2c0 Implicit null exception at 0x0000027f68e9db8f to 0x0000027f68e9e0f8
Event: 3.646 Thread 0x0000027f5debc2c0 Implicit null exception at 0x0000027f68eb9d0f to 0x0000027f68eb9d89
Event: 3.694 Thread 0x0000027f5debc2c0 Exception <a 'java/lang/NoSuchMethodError'{0x000000008a486720}: 'java.lang.Object java.lang.invoke.DirectMethodHandle$Holder.invokeStaticInit(java.lang.Object)'> (0x000000008a486720) 
thrown [s\src\hotspot\share\interpreter\linkResolver.cpp, line 771]
Event: 3.901 Thread 0x0000027f5debc2c0 Exception <a 'java/lang/NoSuchMethodError'{0x000000008a0428a8}: 'java.lang.Object java.lang.invoke.DirectMethodHandle$Holder.invokeStaticInit(java.lang.Object, int, int, int, int)'> (0x000000008a0428a8) 
thrown [s\src\hotspot\share\interpreter\linkResolver.cpp, line 771]
Event: 4.051 Thread 0x0000027f5debc2c0 Exception <a 'java/lang/NoSuchMethodError'{0x000000008a0eb030}: 'java.lang.Object java.lang.invoke.DirectMethodHandle$Holder.invokeStaticInit(java.lang.Object, java.lang.Object, int, int, int, int)'> (0x000000008a0eb030) 
thrown [s\src\hotspot\share\interpreter\linkResolver.cpp, line 771]
Event: 4.171 Thread 0x0000027f5debc2c0 Exception <a 'java/lang/NoSuchMethodError'{0x0000000089f18428}: 'void java.lang.invoke.DirectMethodHandle$Holder.invokeStatic(java.lang.Object, java.lang.Object, java.lang.Object)'> (0x0000000089f18428) 
thrown [s\src\hotspot\share\interpreter\linkResolver.cpp, line 771]
Event: 4.202 Thread 0x0000027f5debc2c0 Implicit null exception at 0x0000027f68e927f2 to 0x0000027f68e92e0c
Event: 4.202 Thread 0x0000027f5debc2c0 Implicit null exception at 0x0000027f68eb35f2 to 0x0000027f68eb3c0c

VM Operations (20 events):
Event: 2.258 Executing VM operation: Cleanup
Event: 2.273 Executing VM operation: Cleanup done
Event: 2.920 Executing VM operation: HandshakeAllThreads
Event: 2.920 Executing VM operation: HandshakeAllThreads done
Event: 3.273 Executing VM operation: G1CollectForAllocation
Event: 3.286 Executing VM operation: G1CollectForAllocation done
Event: 3.317 Executing VM operation: HandshakeAllThreads
Event: 3.318 Executing VM operation: HandshakeAllThreads done
Event: 3.728 Executing VM operation: HandshakeAllThreads
Event: 3.728 Executing VM operation: HandshakeAllThreads done
Event: 3.824 Executing VM operation: HandshakeAllThreads
Event: 3.824 Executing VM operation: HandshakeAllThreads done
Event: 4.011 Executing VM operation: HandshakeAllThreads
Event: 4.011 Executing VM operation: HandshakeAllThreads done
Event: 5.011 Executing VM operation: Cleanup
Event: 5.011 Executing VM operation: Cleanup done
Event: 9.036 Executing VM operation: Cleanup
Event: 9.036 Executing VM operation: Cleanup done
Event: 11.052 Executing VM operation: Cleanup
Event: 11.052 Executing VM operation: Cleanup done

Events (20 events):
Event: 10.900 loading class jdk/internal/logger/LazyLoggers$LazyLoggerFactories
Event: 10.900 loading class jdk/internal/logger/LazyLoggers$LazyLoggerFactories done
Event: 10.901 loading class jdk/internal/logger/LoggerFinderLoader
Event: 10.901 loading class jdk/internal/logger/LoggerFinderLoader done
Event: 10.901 loading class jdk/internal/logger/LoggerFinderLoader$TemporaryLoggerFinder
Event: 10.901 loading class jdk/internal/logger/LoggerFinderLoader$TemporaryLoggerFinder done
Event: 10.902 loading class sun/util/logging/internal/LoggingProviderImpl$JULWrapper
Event: 10.905 loading class sun/util/logging/PlatformLogger$ConfigurableBridge$LoggerConfiguration
Event: 10.905 loading class sun/util/logging/PlatformLogger$ConfigurableBridge$LoggerConfiguration done
Event: 10.905 loading class sun/util/logging/internal/LoggingProviderImpl$JULWrapper done
Event: 10.906 loading class java/io/ObjectInputFilter
Event: 10.906 loading class java/io/ObjectInputFilter done
Event: 10.907 loading class java/io/ObjectInputFilter$Config$BuiltinFilterFactory
Event: 10.907 loading class java/io/ObjectInputFilter$Config$BuiltinFilterFactory done
Event: 10.907 loading class jdk/internal/access/JavaObjectInputFilterAccess
Event: 10.907 loading class jdk/internal/access/JavaObjectInputFilterAccess done
Event: 10.908 loading class java/lang/System$Logger$Level
Event: 10.908 loading class java/lang/System$Logger$Level done
Event: 10.908 loading class java/io/Bits
Event: 10.913 loading class java/io/Bits done


Dynamic libraries:
0x00007ff6ea870000 - 0x00007ff6ea87a000 	C:\Program Files\Android\Android Studio1\jbr\bin\java.exe
0x00007ffa76630000 - 0x00007ffa76847000 	C:\Windows\SYSTEM32\ntdll.dll
0x00007ffa76470000 - 0x00007ffa76534000 	C:\Windows\System32\KERNEL32.DLL
0x00007ffa73b60000 - 0x00007ffa73f33000 	C:\Windows\System32\KERNELBASE.dll
0x00007ffa73900000 - 0x00007ffa73a11000 	C:\Windows\System32\ucrtbase.dll
0x00007ffa522d0000 - 0x00007ffa522e7000 	C:\Program Files\Android\Android Studio1\jbr\bin\jli.dll
0x00007ffa742e0000 - 0x00007ffa74491000 	C:\Windows\System32\USER32.dll
0x00007ffa742a0000 - 0x00007ffa742c6000 	C:\Windows\System32\win32u.dll
0x00007ffa75120000 - 0x00007ffa75149000 	C:\Windows\System32\GDI32.dll
0x00007ffa737e0000 - 0x00007ffa738fb000 	C:\Windows\System32\gdi32full.dll
0x00007ffa1f7b0000 - 0x00007ffa1f7cb000 	C:\Program Files\Android\Android Studio1\jbr\bin\VCRUNTIME140.dll
0x00007ffa73740000 - 0x00007ffa737da000 	C:\Windows\System32\msvcp_win.dll
0x00007ffa63d00000 - 0x00007ffa63f98000 	C:\Windows\WinSxS\amd64_microsoft.windows.common-controls_6595b64144ccf1df_6.0.22621.5124_none_270e8f4f7386d69d\COMCTL32.dll
0x00007ffa75070000 - 0x00007ffa75117000 	C:\Windows\System32\msvcrt.dll
0x00007ffa74a70000 - 0x00007ffa74aa1000 	C:\Windows\System32\IMM32.DLL
0x00007ffa1f7a0000 - 0x00007ffa1f7ac000 	C:\Program Files\Android\Android Studio1\jbr\bin\vcruntime140_1.dll
0x00007ffa4ee90000 - 0x00007ffa4ef1d000 	C:\Program Files\Android\Android Studio1\jbr\bin\msvcp140.dll
0x00007ffa1f7e0000 - 0x00007ffa20463000 	C:\Program Files\Android\Android Studio1\jbr\bin\server\jvm.dll
0x00007ffa749a0000 - 0x00007ffa74a51000 	C:\Windows\System32\ADVAPI32.dll
0x00007ffa76540000 - 0x00007ffa765e8000 	C:\Windows\System32\sechost.dll
0x00007ffa74270000 - 0x00007ffa74298000 	C:\Windows\System32\bcrypt.dll
0x00007ffa75400000 - 0x00007ffa75514000 	C:\Windows\System32\RPCRT4.dll
0x00007ffa1f7d0000 - 0x00007ffa1f7d9000 	C:\Windows\SYSTEM32\WSOCK32.dll
0x00007ffa73610000 - 0x00007ffa7365d000 	C:\Windows\SYSTEM32\POWRPROF.dll
0x00007ffa75380000 - 0x00007ffa753f1000 	C:\Windows\System32\WS2_32.dll
0x00007ffa6bf70000 - 0x00007ffa6bf7a000 	C:\Windows\SYSTEM32\VERSION.dll
0x00007ffa6ee20000 - 0x00007ffa6ee54000 	C:\Windows\SYSTEM32\WINMM.dll
0x00007ffa735f0000 - 0x00007ffa73603000 	C:\Windows\SYSTEM32\UMPDC.dll
0x00007ffa72730000 - 0x00007ffa72748000 	C:\Windows\SYSTEM32\kernel.appcore.dll
0x00007ffa1f790000 - 0x00007ffa1f79a000 	C:\Program Files\Android\Android Studio1\jbr\bin\jimage.dll
0x00007ffa70bd0000 - 0x00007ffa70e02000 	C:\Windows\SYSTEM32\DBGHELP.DLL
0x00007ffa75fc0000 - 0x00007ffa76352000 	C:\Windows\System32\combase.dll
0x00007ffa75630000 - 0x00007ffa75707000 	C:\Windows\System32\OLEAUT32.dll
0x00007ffa55a20000 - 0x00007ffa55a52000 	C:\Windows\SYSTEM32\dbgcore.DLL
0x00007ffa73ae0000 - 0x00007ffa73b5b000 	C:\Windows\System32\bcryptPrimitives.dll
0x00007ffa1f760000 - 0x00007ffa1f785000 	C:\Program Files\Android\Android Studio1\jbr\bin\java.dll
0x00007ffa1f740000 - 0x00007ffa1f758000 	C:\Program Files\Android\Android Studio1\jbr\bin\zip.dll
0x00007ffa75710000 - 0x00007ffa75fa6000 	C:\Windows\System32\SHELL32.dll
0x00007ffa73fc0000 - 0x00007ffa740ff000 	C:\Windows\System32\wintypes.dll
0x00007ffa71610000 - 0x00007ffa71f2a000 	C:\Windows\SYSTEM32\windows.storage.dll
0x00007ffa76360000 - 0x00007ffa7646a000 	C:\Windows\System32\SHCORE.dll
0x00007ffa74570000 - 0x00007ffa745d3000 	C:\Windows\System32\shlwapi.dll
0x00007ffa73670000 - 0x00007ffa7369b000 	C:\Windows\SYSTEM32\profapi.dll
0x00007ffa1f720000 - 0x00007ffa1f739000 	C:\Program Files\Android\Android Studio1\jbr\bin\net.dll
0x00007ffa6ff00000 - 0x00007ffa7002c000 	C:\Windows\SYSTEM32\WINHTTP.dll
0x00007ffa72ba0000 - 0x00007ffa72c0a000 	C:\Windows\system32\mswsock.dll
0x00007ffa1f700000 - 0x00007ffa1f716000 	C:\Program Files\Android\Android Studio1\jbr\bin\nio.dll
0x00007ffa64ce0000 - 0x00007ffa64cf0000 	C:\Program Files\Android\Android Studio1\jbr\bin\verify.dll
0x00007ffa68e30000 - 0x00007ffa68e57000 	C:\Users\Dell\.gradle\native\c067742578af261105cb4f569cf0c3c89f3d7b1fecec35dd04571415982c5e48\windows-amd64\native-platform.dll
0x00007ffa68610000 - 0x00007ffa68619000 	C:\Program Files\Android\Android Studio1\jbr\bin\management.dll
0x00007ffa64d10000 - 0x00007ffa64d1b000 	C:\Program Files\Android\Android Studio1\jbr\bin\management_ext.dll
0x00007ffa742d0000 - 0x00007ffa742d8000 	C:\Windows\System32\PSAPI.DLL
0x00007ffa72ef0000 - 0x00007ffa72f0b000 	C:\Windows\SYSTEM32\CRYPTSP.dll
0x00007ffa72690000 - 0x00007ffa726c7000 	C:\Windows\system32\rsaenh.dll
0x00007ffa72c40000 - 0x00007ffa72c68000 	C:\Windows\SYSTEM32\USERENV.dll
0x00007ffa72ed0000 - 0x00007ffa72edc000 	C:\Windows\SYSTEM32\CRYPTBASE.dll
0x00007ffa721d0000 - 0x00007ffa721fd000 	C:\Windows\SYSTEM32\IPHLPAPI.DLL
0x00007ffa74a60000 - 0x00007ffa74a69000 	C:\Windows\System32\NSI.dll
0x00007ffa6fc70000 - 0x00007ffa6fc89000 	C:\Windows\SYSTEM32\dhcpcsvc6.DLL
0x00007ffa6fc50000 - 0x00007ffa6fc6f000 	C:\Windows\SYSTEM32\dhcpcsvc.DLL
0x00007ffa72250000 - 0x00007ffa72352000 	C:\Windows\SYSTEM32\DNSAPI.dll
0x00007ffa6e2c0000 - 0x00007ffa6e2c9000 	C:\Program Files\Android\Android Studio1\jbr\bin\extnet.dll
0x00007ffa4a9e0000 - 0x00007ffa4a9e8000 	C:\Windows\system32\wshunix.dll

dbghelp: loaded successfully - version: 4.0.5 - missing functions: none
symbol engine: initialized successfully - sym options: 0x614 - pdb path: .;C:\Program Files\Android\Android Studio1\jbr\bin;C:\Windows\SYSTEM32;C:\Windows\WinSxS\amd64_microsoft.windows.common-controls_6595b64144ccf1df_6.0.22621.5124_none_270e8f4f7386d69d;C:\Program Files\Android\Android Studio1\jbr\bin\server;C:\Users\Dell\.gradle\native\c067742578af261105cb4f569cf0c3c89f3d7b1fecec35dd04571415982c5e48\windows-amd64

VM Arguments:
jvm_args: -Dorg.gradle.appname=gradlew 
java_command: org.gradle.wrapper.GradleWrapperMain -q -Ptarget-platform=android-arm64 -Ptarget=C:\Users\Dell\StudioProjects\matpit\lib\main.dart -Pbase-application-name=android.app.Application -Pdart-defines=Zmx1dHRlci5pbnNwZWN0b3Iuc3RydWN0dXJlZEVycm9ycz10cnVl -Pdart-obfuscation=false -Ptrack-widget-creation=true -Ptree-shake-icons=false -Pfilesystem-scheme=org-dartlang-root assembleDebug
java_class_path (initial): C:\Users\Dell\StudioProjects\matpit\android\\gradle\wrapper\gradle-wrapper.jar
Launcher Type: SUN_STANDARD

[Global flags]
     intx CICompilerCount                          = 4                                         {product} {ergonomic}
     uint ConcGCThreads                            = 2                                         {product} {ergonomic}
     uint G1ConcRefinementThreads                  = 8                                         {product} {ergonomic}
   size_t G1HeapRegionSize                         = 1048576                                   {product} {ergonomic}
    uintx GCDrainStackTargetSize                   = 64                                        {product} {ergonomic}
   size_t InitialHeapSize                          = 132120576                                 {product} {ergonomic}
   size_t MarkStackSize                            = 4194304                                   {product} {ergonomic}
   size_t MaxHeapSize                              = 2099249152                                {product} {ergonomic}
   size_t MaxNewSize                               = 1259339776                                {product} {ergonomic}
   size_t MinHeapDeltaBytes                        = 1048576                                   {product} {ergonomic}
   size_t MinHeapSize                              = 8388608                                   {product} {ergonomic}
    uintx NonNMethodCodeHeapSize                   = 5839372                                {pd product} {ergonomic}
    uintx NonProfiledCodeHeapSize                  = 122909434                              {pd product} {ergonomic}
    uintx ProfiledCodeHeapSize                     = 122909434                              {pd product} {ergonomic}
    uintx ReservedCodeCacheSize                    = 251658240                              {pd product} {ergonomic}
     bool SegmentedCodeCache                       = true                                      {product} {ergonomic}
   size_t SoftMaxHeapSize                          = 2099249152                             {manageable} {ergonomic}
     bool UseCompressedClassPointers               = true                           {product lp64_product} {ergonomic}
     bool UseCompressedOops                        = true                           {product lp64_product} {ergonomic}
     bool UseG1GC                                  = true                                      {product} {ergonomic}
     bool UseLargePagesIndividualAllocation        = false                                  {pd product} {ergonomic}

Logging:
Log output configuration:
 #0: stdout all=warning uptime,level,tags
 #1: stderr all=off uptime,level,tags

Environment Variables:
JAVA_HOME=C:\Program Files\Android\Android Studio1\jbr
CLASSPATH=C:\Users\Dell\StudioProjects\matpit\android\\gradle\wrapper\gradle-wrapper.jar
PATH=C:\Program Files\Android\Android Studio1\jbr\bin;C:\Windows\system32;C:\Windows;C:\Windows\System32\Wbem;C:\Windows\System32\WindowsPowerShell\v1.0\;C:\Windows\System32\OpenSSH\;C:\Program Files\dotnet\;C:\Users\Dell\Downloads\jdk-23_windows-x64_bin\jdk-23.0.1\bin;C:\Program Files\Git\cmd;C:\Users\Dell\AppData\Local\Microsoft\WindowsApps;D:\flutter_windows_3.24.3-stable\flutter\bin;C:\Users\Dell\Downloads\jdk-23_windows-x64_bin\jdk-23.0.1\bin;;D:\flutter_windows_3.24.3-stable\flutter\bin\mingit\cmd
USERNAME=Dell
OS=Windows_NT
PROCESSOR_IDENTIFIER=Intel64 Family 6 Model 142 Stepping 12, GenuineIntel
TMP=C:\Users\Dell\AppData\Local\Temp
TEMP=C:\Users\Dell\AppData\Local\Temp



Periodic native trim disabled

JNI global refs:
JNI global refs: 19, weak refs: 0

JNI global refs memory usage: 843, weak refs: 209

Process memory usage:
Resident Set Size: 93312K (1% of 8194772K total physical memory with 138292K free physical memory)

OOME stack traces (most recent first):
Classloader memory used:
Loader bootstrap                                                                       : 1518K
Loader org.gradle.internal.classloader.VisitableURLClassLoader                         : 528K
Loader java.net.URLClassLoader                                                         : 28205B
Loader jdk.internal.loader.ClassLoaders$AppClassLoader                                 : 18431B
Loader jdk.internal.loader.ClassLoaders$PlatformClassLoader                            : 14149B

Classes loaded by more than one classloader:
Class org.gradle.internal.installation.GradleInstallation                             : loaded 2 times (x 73B)
Class org.gradle.cli.ParsedCommandLine                                                : loaded 2 times (x 78B)
Class org.gradle.internal.classpath.ClassPath                                         : loaded 2 times (x 68B)
Class org.gradle.api.Action                                                           : loaded 2 times (x 68B)
Class org.gradle.cli.CommandLineParser$OptionString                                   : loaded 2 times (x 71B)
Class org.gradle.internal.installation.GradleInstallation$1                           : loaded 2 times (x 73B)
Class org.gradle.cli.CommandLineParser$AfterOptions                                   : loaded 2 times (x 75B)
Class org.gradle.cli.CommandLineParser$AfterFirstSubCommand                           : loaded 2 times (x 75B)
Class org.gradle.internal.service.UnknownServiceException                             : loaded 2 times (x 81B)
Class org.gradle.api.GradleException                                                  : loaded 2 times (x 80B)
Class org.gradle.api.internal.classpath.ModuleRegistry                                : loaded 2 times (x 68B)
Class org.gradle.cli.CommandLineParser$KnownOptionParserState                         : loaded 2 times (x 74B)
Class org.gradle.cli.AbstractPropertiesCommandLineConverter                           : loaded 2 times (x 81B)
Class org.gradle.api.specs.Spec                                                       : loaded 2 times (x 68B)
Class org.gradle.cli.SystemPropertiesCommandLineConverter                             : loaded 2 times (x 81B)
Class org.gradle.internal.IoActions                                                   : loaded 2 times (x 69B)
Class org.gradle.internal.installation.CurrentGradleInstallation                      : loaded 2 times (x 71B)
Class org.gradle.internal.installation.CurrentGradleInstallationLocator               : loaded 2 times (x 69B)
Class org.gradle.internal.classpath.DefaultClassPath                                  : loaded 2 times (x 88B)
Class org.gradle.cli.CommandLineParser                                                : loaded 2 times (x 77B)
Class org.gradle.cli.CommandLineParser$BeforeFirstSubCommand                          : loaded 2 times (x 75B)
Class org.gradle.cli.CommandLineOption                                                : loaded 2 times (x 84B)
Class org.gradle.cli.CommandLineParser$ParserState                                    : loaded 2 times (x 74B)
Class org.gradle.cli.CommandLineParser$MissingOptionArgState                          : loaded 2 times (x 75B)
Class org.gradle.api.UncheckedIOException                                             : loaded 2 times (x 80B)
Class org.gradle.cli.ParsedCommandLineOption                                          : loaded 2 times (x 74B)
Class org.gradle.internal.classloader.ClasspathUtil                                   : loaded 2 times (x 69B)
Class org.gradle.cli.CommandLineParser$UnknownOptionParserState                       : loaded 2 times (x 74B)
Class org.gradle.internal.service.ServiceLookupException                              : loaded 2 times (x 80B)
Class org.gradle.util.internal.GUtil                                                  : loaded 2 times (x 69B)
Class org.gradle.cli.CommandLineParser$OptionAwareParserState                         : loaded 2 times (x 75B)
Class org.gradle.cli.CommandLineParser$OptionParserState                              : loaded 2 times (x 73B)
Class org.gradle.internal.Cast                                                        : loaded 2 times (x 69B)
Class org.gradle.cli.CommandLineConverter                                             : loaded 2 times (x 68B)
Class org.gradle.internal.InternalTransformer                                         : loaded 2 times (x 68B)
Class org.gradle.internal.classpath.DefaultClassPath$ImmutableUniqueList              : loaded 2 times (x 159B)
Class org.gradle.cli.AbstractCommandLineConverter                                     : loaded 2 times (x 77B)
Class org.gradle.cli.CommandLineArgumentException                                     : loaded 2 times (x 80B)


---------------  S Y S T E M  ---------------

OS:
 Windows 11 , 64 bit Build 22621 (10.0.22621.5124)
OS uptime: 11 days 18:04 hours
Hyper-V role detected

CPU: total 8 (initial active 8) (4 cores per cpu, 2 threads per core) family 6 model 142 stepping 12 microcode 0xea, cx8, cmov, fxsr, ht, mmx, 3dnowpref, sse, sse2, sse3, ssse3, sse4.1, sse4.2, popcnt, lzcnt, tsc, tscinvbit, avx, avx2, aes, erms, clmul, bmi1, bmi2, adx, fma, vzeroupper, clflush, clflushopt, hv
Processor Information for all 8 processors :
  Max Mhz: 1896, Current Mhz: 1596, Mhz Limit: 1592

Memory: 4k page, system-wide physical 8002M (125M free)
TotalPageFile size 20755M (AvailPageFile size 0M)
current process WorkingSet (physical memory assigned to process): 91M, peak: 95M
current process commit charge ("private bytes"): 226M, peak: 230M

vm_info: OpenJDK 64-Bit Server VM (17.0.11+0--11852314) for windows-amd64 JRE (17.0.11+0--11852314), built on May 16 2024 21:29:20 by "androidbuild" with MS VC++ 16.10 / 16.11 (VS2019)

END.
