#
# There is insufficient memory for the Java Runtime Environment to continue.
# Native memory allocation (malloc) failed to allocate 40784 bytes. Error detail: Chunk::new
# Possible reasons:
#   The system is out of physical RAM or swap space
#   This process is running with CompressedOops enabled, and the Java Heap may be blocking the growth of the native heap
# Possible solutions:
#   Reduce memory load on the system
#   Increase physical memory or swap space
#   Check if swap backing store is full
#   Decrease Java heap size (-Xmx/-Xms)
#   Decrease number of Java threads
#   Decrease Java thread stack sizes (-Xss)
#   Set larger code cache with -XX:ReservedCodeCacheSize=
#   JVM is running with Unscaled Compressed Oops mode in which the Java heap is
#     placed in the first 4GB address space. The Java Heap base address is the
#     maximum limit for the native heap growth. Please use -XX:HeapBaseMinAddress
#     to set the Java Heap base and to place the Java Heap above 4GB virtual address.
# This output file may be truncated or incomplete.
#
#  Out of Memory Error (arena.cpp:191), pid=14468, tid=3808
#
# JRE version: OpenJDK Runtime Environment (17.0.11) (build 17.0.11+0--11852314)
# Java VM: OpenJDK 64-Bit Server VM (17.0.11+0--11852314, mixed mode, tiered, compressed oops, compressed class ptrs, g1 gc, windows-amd64)
# No core dump will be written. Minidumps are not enabled by default on client versions of Windows
#

---------------  S U M M A R Y ------------

Command Line: -Dorg.gradle.appname=gradlew org.gradle.wrapper.GradleWrapperMain -q -Ptarget-platform=android-arm64 -Ptarget=D:\projects\matpit\lib\main.dart -Pbase-application-name=android.app.Application -Pdart-defines=Zmx1dHRlci5pbnNwZWN0b3Iuc3RydWN0dXJlZEVycm9ycz10cnVl -Pdart-obfuscation=false -Ptrack-widget-creation=true -Ptree-shake-icons=false -Pfilesystem-scheme=org-dartlang-root assembleDebug

Host: Intel(R) Core(TM) i5-8365U CPU @ 1.60GHz, 8 cores, 7G,  Windows 11 , 64 bit Build 22621 (10.0.22621.5124)
Time: Wed Aug 20 16:03:35 2025 India Standard Time elapsed time: 52.949189 seconds (0d 0h 0m 52s)

---------------  T H R E A D  ---------------

Current thread (0x000001e6ef057c20):  JavaThread "C2 CompilerThread0" daemon [_thread_in_native, id=3808, stack(0x000000dced300000,0x000000dced400000)]


Current CompileTask:
C2:  52949 1326       4       org.gradle.internal.logging.text.AbstractLineChoppingStyledTextOutput$2::execute (77 bytes)

Stack: [0x000000dced300000,0x000000dced400000]
Native frames: (J=compiled Java code, j=interpreted, Vv=VM code, C=native code)
V  [jvm.dll+0x687bb9]
V  [jvm.dll+0x84142a]
V  [jvm.dll+0x8430ae]
V  [jvm.dll+0x843713]
V  [jvm.dll+0x24a35f]
V  [jvm.dll+0xac544]
V  [jvm.dll+0xacb8c]
V  [jvm.dll+0x120387]
V  [jvm.dll+0x619625]
V  [jvm.dll+0x617cca]
V  [jvm.dll+0x21bd48]
V  [jvm.dll+0x21b311]
V  [jvm.dll+0x1a63ed]
V  [jvm.dll+0x22b1ee]
V  [jvm.dll+0x229375]
V  [jvm.dll+0x7f5647]
V  [jvm.dll+0x7efa4a]
V  [jvm.dll+0x686a35]
C  [ucrtbase.dll+0x29333]
C  [KERNEL32.DLL+0x1259d]
C  [ntdll.dll+0x5af38]


---------------  P R O C E S S  ---------------

Threads class SMR info:
_java_thread_list=0x000001e6f03cf240, length=15, elements={
0x000001e6cf15c700, 0x000001e6eadfdd50, 0x000001e6eadfebd0, 0x000001e6ef053360,
0x000001e6eae18810, 0x000001e6ef04a290, 0x000001e6ef04ac50, 0x000001e6ef057c20,
0x000001e6ef0602f0, 0x000001e6ef060cf0, 0x000001e6ef1bba50, 0x000001e6ef1cf010,
0x000001e6f014cea0, 0x000001e6f03c85b0, 0x000001e6f0339380
}

Java Threads: ( => current thread )
  0x000001e6cf15c700 JavaThread "main" [_thread_in_native, id=14512, stack(0x000000dcec600000,0x000000dcec700000)]
  0x000001e6eadfdd50 JavaThread "Reference Handler" daemon [_thread_blocked, id=17160, stack(0x000000dcecd00000,0x000000dcece00000)]
  0x000001e6eadfebd0 JavaThread "Finalizer" daemon [_thread_blocked, id=5496, stack(0x000000dcece00000,0x000000dcecf00000)]
  0x000001e6ef053360 JavaThread "Signal Dispatcher" daemon [_thread_blocked, id=11388, stack(0x000000dcecf00000,0x000000dced000000)]
  0x000001e6eae18810 JavaThread "Attach Listener" daemon [_thread_blocked, id=12884, stack(0x000000dced000000,0x000000dced100000)]
  0x000001e6ef04a290 JavaThread "Service Thread" daemon [_thread_blocked, id=11700, stack(0x000000dced100000,0x000000dced200000)]
  0x000001e6ef04ac50 JavaThread "Monitor Deflation Thread" daemon [_thread_blocked, id=2916, stack(0x000000dced200000,0x000000dced300000)]
=>0x000001e6ef057c20 JavaThread "C2 CompilerThread0" daemon [_thread_in_native, id=3808, stack(0x000000dced300000,0x000000dced400000)]
  0x000001e6ef0602f0 JavaThread "C1 CompilerThread0" daemon [_thread_blocked, id=9464, stack(0x000000dced400000,0x000000dced500000)]
  0x000001e6ef060cf0 JavaThread "Sweeper thread" daemon [_thread_blocked, id=1916, stack(0x000000dced500000,0x000000dced600000)]
  0x000001e6ef1bba50 JavaThread "Notification Thread" daemon [_thread_blocked, id=6500, stack(0x000000dced600000,0x000000dced700000)]
  0x000001e6ef1cf010 JavaThread "Common-Cleaner" daemon [_thread_blocked, id=8120, stack(0x000000dced800000,0x000000dced900000)]
  0x000001e6f014cea0 JavaThread "pool-1-thread-1" [_thread_blocked, id=4352, stack(0x000000dcede00000,0x000000dcedf00000)]
  0x000001e6f03c85b0 JavaThread "DisconnectableInputStream source reader" daemon [_thread_in_native, id=9532, stack(0x000000dcedf00000,0x000000dcee000000)]
  0x000001e6f0339380 JavaThread "Forward input" [_thread_blocked, id=11520, stack(0x000000dcee000000,0x000000dcee100000)]

Other Threads:
  0x000001e6ef013330 VMThread "VM Thread" [stack: 0x000000dcecc00000,0x000000dcecd00000] [id=1896]
  0x000001e6ead9e4f0 WatcherThread [stack: 0x000000dced700000,0x000000dced800000] [id=11660]
  0x000001e6cf1b6200 GCTaskThread "GC Thread#0" [stack: 0x000000dcec700000,0x000000dcec800000] [id=11920]
  0x000001e6efa7dcb0 GCTaskThread "GC Thread#1" [stack: 0x000000dceda00000,0x000000dcedb00000] [id=3076]
  0x000001e6f019e590 GCTaskThread "GC Thread#2" [stack: 0x000000dcedb00000,0x000000dcedc00000] [id=11640]
  0x000001e6f019e010 GCTaskThread "GC Thread#3" [stack: 0x000000dcedc00000,0x000000dcedd00000] [id=8500]
  0x000001e6f019d510 GCTaskThread "GC Thread#4" [stack: 0x000000dcedd00000,0x000000dcede00000] [id=9248]
  0x000001e6cf1c6b90 ConcurrentGCThread "G1 Main Marker" [stack: 0x000000dcec800000,0x000000dcec900000] [id=4112]
  0x000001e6cf1c7d50 ConcurrentGCThread "G1 Conc#0" [stack: 0x000000dcec900000,0x000000dceca00000] [id=7032]
  0x000001e6cf20e3a0 ConcurrentGCThread "G1 Refine#0" [stack: 0x000000dceca00000,0x000000dcecb00000] [id=11848]
  0x000001e6eac660f0 ConcurrentGCThread "G1 Service" [stack: 0x000000dcecb00000,0x000000dcecc00000] [id=6952]

Threads with active compile tasks:
C2 CompilerThread0    53010 1326       4       org.gradle.internal.logging.text.AbstractLineChoppingStyledTextOutput$2::execute (77 bytes)

VM state: not at safepoint (normal execution)

VM Mutex/Monitor currently owned by a thread: None

Heap address: 0x0000000082e00000, size: 2002 MB, Compressed Oops mode: 32-bit

CDS archive(s) not mapped
Compressed class space mapped at: 0x0000000100000000-0x0000000140000000, reserved size: 1073741824
Narrow klass base: 0x0000000000000000, Narrow klass shift: 3, Narrow klass range: 0x140000000

GC Precious Log:
 CPUs: 8 total, 8 available
 Memory: 8002M
 Large Page Support: Disabled
 NUMA Support: Disabled
 Compressed Oops: Enabled (32-bit)
 Heap Region Size: 1M
 Heap Min Capacity: 8M
 Heap Initial Capacity: 126M
 Heap Max Capacity: 2002M
 Pre-touch: Disabled
 Parallel Workers: 8
 Concurrent Workers: 2
 Concurrent Refinement Workers: 8
 Periodic GC: Disabled

Heap:
 garbage-first heap   total 129024K, used 26145K [0x0000000082e00000, 0x0000000100000000)
  region size 1024K, 19 young (19456K), 3 survivors (3072K)
 Metaspace       used 17093K, committed 17344K, reserved 1114112K
  class space    used 1981K, committed 2112K, reserved 1048576K

Heap Regions: E=young(eden), S=young(survivor), O=old, HS=humongous(starts), HC=humongous(continues), CS=collection set, F=free, OA=open archive, CA=closed archive, TAMS=top-at-mark-start (previous, next)
|   0|0x0000000082e00000, 0x0000000082f00000, 0x0000000082f00000|100%|HS|  |TAMS 0x0000000082e00000, 0x0000000082e00000| Complete 
|   1|0x0000000082f00000, 0x0000000083000000, 0x0000000083000000|100%|HC|  |TAMS 0x0000000082f00000, 0x0000000082f00000| Complete 
|   2|0x0000000083000000, 0x0000000083100000, 0x0000000083100000|100%|HC|  |TAMS 0x0000000083000000, 0x0000000083000000| Complete 
|   3|0x0000000083100000, 0x0000000083200000, 0x0000000083200000|100%|HC|  |TAMS 0x0000000083100000, 0x0000000083100000| Complete 
|   4|0x0000000083200000, 0x0000000083300000, 0x0000000083300000|100%| O|  |TAMS 0x0000000083200000, 0x0000000083200000| Untracked 
|   5|0x0000000083300000, 0x0000000083400000, 0x0000000083400000|100%| O|  |TAMS 0x0000000083300000, 0x0000000083300000| Untracked 
|   6|0x0000000083400000, 0x0000000083500000, 0x0000000083500000|100%| O|  |TAMS 0x0000000083400000, 0x0000000083400000| Untracked 
|   7|0x0000000083500000, 0x0000000083588600, 0x0000000083600000| 53%| O|  |TAMS 0x0000000083500000, 0x0000000083500000| Untracked 
|   8|0x0000000083600000, 0x0000000083600000, 0x0000000083700000|  0%| F|  |TAMS 0x0000000083600000, 0x0000000083600000| Untracked 
|   9|0x0000000083700000, 0x0000000083700000, 0x0000000083800000|  0%| F|  |TAMS 0x0000000083700000, 0x0000000083700000| Untracked 
|  10|0x0000000083800000, 0x0000000083800000, 0x0000000083900000|  0%| F|  |TAMS 0x0000000083800000, 0x0000000083800000| Untracked 
|  11|0x0000000083900000, 0x0000000083900000, 0x0000000083a00000|  0%| F|  |TAMS 0x0000000083900000, 0x0000000083900000| Untracked 
|  12|0x0000000083a00000, 0x0000000083a00000, 0x0000000083b00000|  0%| F|  |TAMS 0x0000000083a00000, 0x0000000083a00000| Untracked 
|  13|0x0000000083b00000, 0x0000000083b00000, 0x0000000083c00000|  0%| F|  |TAMS 0x0000000083b00000, 0x0000000083b00000| Untracked 
|  14|0x0000000083c00000, 0x0000000083c00000, 0x0000000083d00000|  0%| F|  |TAMS 0x0000000083c00000, 0x0000000083c00000| Untracked 
|  15|0x0000000083d00000, 0x0000000083d00000, 0x0000000083e00000|  0%| F|  |TAMS 0x0000000083d00000, 0x0000000083d00000| Untracked 
|  16|0x0000000083e00000, 0x0000000083e00000, 0x0000000083f00000|  0%| F|  |TAMS 0x0000000083e00000, 0x0000000083e00000| Untracked 
|  17|0x0000000083f00000, 0x0000000083f00000, 0x0000000084000000|  0%| F|  |TAMS 0x0000000083f00000, 0x0000000083f00000| Untracked 
|  18|0x0000000084000000, 0x0000000084000000, 0x0000000084100000|  0%| F|  |TAMS 0x0000000084000000, 0x0000000084000000| Untracked 
|  19|0x0000000084100000, 0x0000000084100000, 0x0000000084200000|  0%| F|  |TAMS 0x0000000084100000, 0x0000000084100000| Untracked 
|  20|0x0000000084200000, 0x0000000084200000, 0x0000000084300000|  0%| F|  |TAMS 0x0000000084200000, 0x0000000084200000| Untracked 
|  21|0x0000000084300000, 0x0000000084300000, 0x0000000084400000|  0%| F|  |TAMS 0x0000000084300000, 0x0000000084300000| Untracked 
|  22|0x0000000084400000, 0x0000000084400000, 0x0000000084500000|  0%| F|  |TAMS 0x0000000084400000, 0x0000000084400000| Untracked 
|  23|0x0000000084500000, 0x0000000084500000, 0x0000000084600000|  0%| F|  |TAMS 0x0000000084500000, 0x0000000084500000| Untracked 
|  24|0x0000000084600000, 0x0000000084600000, 0x0000000084700000|  0%| F|  |TAMS 0x0000000084600000, 0x0000000084600000| Untracked 
|  25|0x0000000084700000, 0x0000000084700000, 0x0000000084800000|  0%| F|  |TAMS 0x0000000084700000, 0x0000000084700000| Untracked 
|  26|0x0000000084800000, 0x0000000084800000, 0x0000000084900000|  0%| F|  |TAMS 0x0000000084800000, 0x0000000084800000| Untracked 
|  27|0x0000000084900000, 0x0000000084900000, 0x0000000084a00000|  0%| F|  |TAMS 0x0000000084900000, 0x0000000084900000| Untracked 
|  28|0x0000000084a00000, 0x0000000084a00000, 0x0000000084b00000|  0%| F|  |TAMS 0x0000000084a00000, 0x0000000084a00000| Untracked 
|  29|0x0000000084b00000, 0x0000000084b00000, 0x0000000084c00000|  0%| F|  |TAMS 0x0000000084b00000, 0x0000000084b00000| Untracked 
|  30|0x0000000084c00000, 0x0000000084c00000, 0x0000000084d00000|  0%| F|  |TAMS 0x0000000084c00000, 0x0000000084c00000| Untracked 
|  31|0x0000000084d00000, 0x0000000084d00000, 0x0000000084e00000|  0%| F|  |TAMS 0x0000000084d00000, 0x0000000084d00000| Untracked 
|  32|0x0000000084e00000, 0x0000000084e00000, 0x0000000084f00000|  0%| F|  |TAMS 0x0000000084e00000, 0x0000000084e00000| Untracked 
|  33|0x0000000084f00000, 0x0000000084f00000, 0x0000000085000000|  0%| F|  |TAMS 0x0000000084f00000, 0x0000000084f00000| Untracked 
|  34|0x0000000085000000, 0x0000000085000000, 0x0000000085100000|  0%| F|  |TAMS 0x0000000085000000, 0x0000000085000000| Untracked 
|  35|0x0000000085100000, 0x0000000085100000, 0x0000000085200000|  0%| F|  |TAMS 0x0000000085100000, 0x0000000085100000| Untracked 
|  36|0x0000000085200000, 0x0000000085200000, 0x0000000085300000|  0%| F|  |TAMS 0x0000000085200000, 0x0000000085200000| Untracked 
|  37|0x0000000085300000, 0x0000000085300000, 0x0000000085400000|  0%| F|  |TAMS 0x0000000085300000, 0x0000000085300000| Untracked 
|  38|0x0000000085400000, 0x0000000085400000, 0x0000000085500000|  0%| F|  |TAMS 0x0000000085400000, 0x0000000085400000| Untracked 
|  39|0x0000000085500000, 0x0000000085500000, 0x0000000085600000|  0%| F|  |TAMS 0x0000000085500000, 0x0000000085500000| Untracked 
|  40|0x0000000085600000, 0x0000000085600000, 0x0000000085700000|  0%| F|  |TAMS 0x0000000085600000, 0x0000000085600000| Untracked 
|  41|0x0000000085700000, 0x0000000085700000, 0x0000000085800000|  0%| F|  |TAMS 0x0000000085700000, 0x0000000085700000| Untracked 
|  42|0x0000000085800000, 0x0000000085800000, 0x0000000085900000|  0%| F|  |TAMS 0x0000000085800000, 0x0000000085800000| Untracked 
|  43|0x0000000085900000, 0x0000000085900000, 0x0000000085a00000|  0%| F|  |TAMS 0x0000000085900000, 0x0000000085900000| Untracked 
|  44|0x0000000085a00000, 0x0000000085a00000, 0x0000000085b00000|  0%| F|  |TAMS 0x0000000085a00000, 0x0000000085a00000| Untracked 
|  45|0x0000000085b00000, 0x0000000085b00000, 0x0000000085c00000|  0%| F|  |TAMS 0x0000000085b00000, 0x0000000085b00000| Untracked 
|  46|0x0000000085c00000, 0x0000000085c00000, 0x0000000085d00000|  0%| F|  |TAMS 0x0000000085c00000, 0x0000000085c00000| Untracked 
|  47|0x0000000085d00000, 0x0000000085d00000, 0x0000000085e00000|  0%| F|  |TAMS 0x0000000085d00000, 0x0000000085d00000| Untracked 
|  48|0x0000000085e00000, 0x0000000085e00000, 0x0000000085f00000|  0%| F|  |TAMS 0x0000000085e00000, 0x0000000085e00000| Untracked 
|  49|0x0000000085f00000, 0x0000000085f00000, 0x0000000086000000|  0%| F|  |TAMS 0x0000000085f00000, 0x0000000085f00000| Untracked 
|  50|0x0000000086000000, 0x0000000086000000, 0x0000000086100000|  0%| F|  |TAMS 0x0000000086000000, 0x0000000086000000| Untracked 
|  51|0x0000000086100000, 0x0000000086100000, 0x0000000086200000|  0%| F|  |TAMS 0x0000000086100000, 0x0000000086100000| Untracked 
|  52|0x0000000086200000, 0x0000000086200000, 0x0000000086300000|  0%| F|  |TAMS 0x0000000086200000, 0x0000000086200000| Untracked 
|  53|0x0000000086300000, 0x0000000086300000, 0x0000000086400000|  0%| F|  |TAMS 0x0000000086300000, 0x0000000086300000| Untracked 
|  54|0x0000000086400000, 0x0000000086400000, 0x0000000086500000|  0%| F|  |TAMS 0x0000000086400000, 0x0000000086400000| Untracked 
|  55|0x0000000086500000, 0x0000000086500000, 0x0000000086600000|  0%| F|  |TAMS 0x0000000086500000, 0x0000000086500000| Untracked 
|  56|0x0000000086600000, 0x0000000086600000, 0x0000000086700000|  0%| F|  |TAMS 0x0000000086600000, 0x0000000086600000| Untracked 
|  57|0x0000000086700000, 0x0000000086700000, 0x0000000086800000|  0%| F|  |TAMS 0x0000000086700000, 0x0000000086700000| Untracked 
|  58|0x0000000086800000, 0x0000000086800000, 0x0000000086900000|  0%| F|  |TAMS 0x0000000086800000, 0x0000000086800000| Untracked 
|  59|0x0000000086900000, 0x0000000086900000, 0x0000000086a00000|  0%| F|  |TAMS 0x0000000086900000, 0x0000000086900000| Untracked 
|  60|0x0000000086a00000, 0x0000000086a00000, 0x0000000086b00000|  0%| F|  |TAMS 0x0000000086a00000, 0x0000000086a00000| Untracked 
|  61|0x0000000086b00000, 0x0000000086b00000, 0x0000000086c00000|  0%| F|  |TAMS 0x0000000086b00000, 0x0000000086b00000| Untracked 
|  62|0x0000000086c00000, 0x0000000086c00000, 0x0000000086d00000|  0%| F|  |TAMS 0x0000000086c00000, 0x0000000086c00000| Untracked 
|  63|0x0000000086d00000, 0x0000000086d00000, 0x0000000086e00000|  0%| F|  |TAMS 0x0000000086d00000, 0x0000000086d00000| Untracked 
|  64|0x0000000086e00000, 0x0000000086e00000, 0x0000000086f00000|  0%| F|  |TAMS 0x0000000086e00000, 0x0000000086e00000| Untracked 
|  65|0x0000000086f00000, 0x0000000086f00000, 0x0000000087000000|  0%| F|  |TAMS 0x0000000086f00000, 0x0000000086f00000| Untracked 
|  66|0x0000000087000000, 0x0000000087000000, 0x0000000087100000|  0%| F|  |TAMS 0x0000000087000000, 0x0000000087000000| Untracked 
|  67|0x0000000087100000, 0x0000000087100000, 0x0000000087200000|  0%| F|  |TAMS 0x0000000087100000, 0x0000000087100000| Untracked 
|  68|0x0000000087200000, 0x0000000087200000, 0x0000000087300000|  0%| F|  |TAMS 0x0000000087200000, 0x0000000087200000| Untracked 
|  69|0x0000000087300000, 0x0000000087300000, 0x0000000087400000|  0%| F|  |TAMS 0x0000000087300000, 0x0000000087300000| Untracked 
|  70|0x0000000087400000, 0x0000000087400000, 0x0000000087500000|  0%| F|  |TAMS 0x0000000087400000, 0x0000000087400000| Untracked 
|  71|0x0000000087500000, 0x0000000087500000, 0x0000000087600000|  0%| F|  |TAMS 0x0000000087500000, 0x0000000087500000| Untracked 
|  72|0x0000000087600000, 0x0000000087600000, 0x0000000087700000|  0%| F|  |TAMS 0x0000000087600000, 0x0000000087600000| Untracked 
|  73|0x0000000087700000, 0x0000000087700000, 0x0000000087800000|  0%| F|  |TAMS 0x0000000087700000, 0x0000000087700000| Untracked 
|  74|0x0000000087800000, 0x0000000087800000, 0x0000000087900000|  0%| F|  |TAMS 0x0000000087800000, 0x0000000087800000| Untracked 
|  75|0x0000000087900000, 0x0000000087900000, 0x0000000087a00000|  0%| F|  |TAMS 0x0000000087900000, 0x0000000087900000| Untracked 
|  76|0x0000000087a00000, 0x0000000087a00000, 0x0000000087b00000|  0%| F|  |TAMS 0x0000000087a00000, 0x0000000087a00000| Untracked 
|  77|0x0000000087b00000, 0x0000000087b00000, 0x0000000087c00000|  0%| F|  |TAMS 0x0000000087b00000, 0x0000000087b00000| Untracked 
|  78|0x0000000087c00000, 0x0000000087c00000, 0x0000000087d00000|  0%| F|  |TAMS 0x0000000087c00000, 0x0000000087c00000| Untracked 
|  79|0x0000000087d00000, 0x0000000087d00000, 0x0000000087e00000|  0%| F|  |TAMS 0x0000000087d00000, 0x0000000087d00000| Untracked 
|  80|0x0000000087e00000, 0x0000000087e00000, 0x0000000087f00000|  0%| F|  |TAMS 0x0000000087e00000, 0x0000000087e00000| Untracked 
|  81|0x0000000087f00000, 0x0000000087f00000, 0x0000000088000000|  0%| F|  |TAMS 0x0000000087f00000, 0x0000000087f00000| Untracked 
|  82|0x0000000088000000, 0x0000000088000000, 0x0000000088100000|  0%| F|  |TAMS 0x0000000088000000, 0x0000000088000000| Untracked 
|  83|0x0000000088100000, 0x0000000088100000, 0x0000000088200000|  0%| F|  |TAMS 0x0000000088100000, 0x0000000088100000| Untracked 
|  84|0x0000000088200000, 0x0000000088200000, 0x0000000088300000|  0%| F|  |TAMS 0x0000000088200000, 0x0000000088200000| Untracked 
|  85|0x0000000088300000, 0x0000000088300000, 0x0000000088400000|  0%| F|  |TAMS 0x0000000088300000, 0x0000000088300000| Untracked 
|  86|0x0000000088400000, 0x0000000088400000, 0x0000000088500000|  0%| F|  |TAMS 0x0000000088400000, 0x0000000088400000| Untracked 
|  87|0x0000000088500000, 0x0000000088500000, 0x0000000088600000|  0%| F|  |TAMS 0x0000000088500000, 0x0000000088500000| Untracked 
|  88|0x0000000088600000, 0x0000000088600000, 0x0000000088700000|  0%| F|  |TAMS 0x0000000088600000, 0x0000000088600000| Untracked 
|  89|0x0000000088700000, 0x0000000088700000, 0x0000000088800000|  0%| F|  |TAMS 0x0000000088700000, 0x0000000088700000| Untracked 
|  90|0x0000000088800000, 0x0000000088800000, 0x0000000088900000|  0%| F|  |TAMS 0x0000000088800000, 0x0000000088800000| Untracked 
|  91|0x0000000088900000, 0x0000000088900000, 0x0000000088a00000|  0%| F|  |TAMS 0x0000000088900000, 0x0000000088900000| Untracked 
|  92|0x0000000088a00000, 0x0000000088a00000, 0x0000000088b00000|  0%| F|  |TAMS 0x0000000088a00000, 0x0000000088a00000| Untracked 
|  93|0x0000000088b00000, 0x0000000088b00000, 0x0000000088c00000|  0%| F|  |TAMS 0x0000000088b00000, 0x0000000088b00000| Untracked 
|  94|0x0000000088c00000, 0x0000000088c00000, 0x0000000088d00000|  0%| F|  |TAMS 0x0000000088c00000, 0x0000000088c00000| Untracked 
|  95|0x0000000088d00000, 0x0000000088d00000, 0x0000000088e00000|  0%| F|  |TAMS 0x0000000088d00000, 0x0000000088d00000| Untracked 
|  96|0x0000000088e00000, 0x0000000088e00000, 0x0000000088f00000|  0%| F|  |TAMS 0x0000000088e00000, 0x0000000088e00000| Untracked 
|  97|0x0000000088f00000, 0x0000000088f00000, 0x0000000089000000|  0%| F|  |TAMS 0x0000000088f00000, 0x0000000088f00000| Untracked 
|  98|0x0000000089000000, 0x0000000089000000, 0x0000000089100000|  0%| F|  |TAMS 0x0000000089000000, 0x0000000089000000| Untracked 
|  99|0x0000000089100000, 0x0000000089100000, 0x0000000089200000|  0%| F|  |TAMS 0x0000000089100000, 0x0000000089100000| Untracked 
| 100|0x0000000089200000, 0x0000000089300000, 0x0000000089300000|100%| S|CS|TAMS 0x0000000089200000, 0x0000000089200000| Complete 
| 101|0x0000000089300000, 0x0000000089400000, 0x0000000089400000|100%| S|CS|TAMS 0x0000000089300000, 0x0000000089300000| Complete 
| 102|0x0000000089400000, 0x0000000089500000, 0x0000000089500000|100%| S|CS|TAMS 0x0000000089400000, 0x0000000089400000| Complete 
| 103|0x0000000089500000, 0x0000000089500000, 0x0000000089600000|  0%| F|  |TAMS 0x0000000089500000, 0x0000000089500000| Untracked 
| 104|0x0000000089600000, 0x0000000089600000, 0x0000000089700000|  0%| F|  |TAMS 0x0000000089600000, 0x0000000089600000| Untracked 
| 105|0x0000000089700000, 0x0000000089700000, 0x0000000089800000|  0%| F|  |TAMS 0x0000000089700000, 0x0000000089700000| Untracked 
| 106|0x0000000089800000, 0x0000000089800000, 0x0000000089900000|  0%| F|  |TAMS 0x0000000089800000, 0x0000000089800000| Untracked 
| 107|0x0000000089900000, 0x0000000089900000, 0x0000000089a00000|  0%| F|  |TAMS 0x0000000089900000, 0x0000000089900000| Untracked 
| 108|0x0000000089a00000, 0x0000000089a00000, 0x0000000089b00000|  0%| F|  |TAMS 0x0000000089a00000, 0x0000000089a00000| Untracked 
| 109|0x0000000089b00000, 0x0000000089b00000, 0x0000000089c00000|  0%| F|  |TAMS 0x0000000089b00000, 0x0000000089b00000| Untracked 
| 110|0x0000000089c00000, 0x0000000089cca2f0, 0x0000000089d00000| 78%| E|  |TAMS 0x0000000089c00000, 0x0000000089c00000| Complete 
| 111|0x0000000089d00000, 0x0000000089e00000, 0x0000000089e00000|100%| E|CS|TAMS 0x0000000089d00000, 0x0000000089d00000| Complete 
| 112|0x0000000089e00000, 0x0000000089f00000, 0x0000000089f00000|100%| E|CS|TAMS 0x0000000089e00000, 0x0000000089e00000| Complete 
| 113|0x0000000089f00000, 0x000000008a000000, 0x000000008a000000|100%| E|CS|TAMS 0x0000000089f00000, 0x0000000089f00000| Complete 
| 114|0x000000008a000000, 0x000000008a100000, 0x000000008a100000|100%| E|CS|TAMS 0x000000008a000000, 0x000000008a000000| Complete 
| 115|0x000000008a100000, 0x000000008a200000, 0x000000008a200000|100%| E|CS|TAMS 0x000000008a100000, 0x000000008a100000| Complete 
| 116|0x000000008a200000, 0x000000008a300000, 0x000000008a300000|100%| E|CS|TAMS 0x000000008a200000, 0x000000008a200000| Complete 
| 117|0x000000008a300000, 0x000000008a400000, 0x000000008a400000|100%| E|CS|TAMS 0x000000008a300000, 0x000000008a300000| Complete 
| 118|0x000000008a400000, 0x000000008a500000, 0x000000008a500000|100%| E|CS|TAMS 0x000000008a400000, 0x000000008a400000| Complete 
| 119|0x000000008a500000, 0x000000008a600000, 0x000000008a600000|100%| E|CS|TAMS 0x000000008a500000, 0x000000008a500000| Complete 
| 120|0x000000008a600000, 0x000000008a700000, 0x000000008a700000|100%| E|CS|TAMS 0x000000008a600000, 0x000000008a600000| Complete 
| 121|0x000000008a700000, 0x000000008a800000, 0x000000008a800000|100%| E|CS|TAMS 0x000000008a700000, 0x000000008a700000| Complete 
| 122|0x000000008a800000, 0x000000008a900000, 0x000000008a900000|100%| E|CS|TAMS 0x000000008a800000, 0x000000008a800000| Complete 
| 123|0x000000008a900000, 0x000000008aa00000, 0x000000008aa00000|100%| E|CS|TAMS 0x000000008a900000, 0x000000008a900000| Complete 
| 124|0x000000008aa00000, 0x000000008ab00000, 0x000000008ab00000|100%| E|CS|TAMS 0x000000008aa00000, 0x000000008aa00000| Complete 
| 125|0x000000008ab00000, 0x000000008ac00000, 0x000000008ac00000|100%| E|CS|TAMS 0x000000008ab00000, 0x000000008ab00000| Complete 

Card table byte_map: [0x000001e6e3c70000,0x000001e6e4060000] _byte_map_base: 0x000001e6e3859000

Marking Bits (Prev, Next): (CMBitMap*) 0x000001e6cf1b6820, (CMBitMap*) 0x000001e6cf1b6860
 Prev Bits: [0x000001e6e4450000, 0x000001e6e6398000)
 Next Bits: [0x000001e6e63a0000, 0x000001e6e82e8000)

Polling page: 0x000001e6d3de0000

Metaspace:

Usage:
  Non-class:     14.76 MB used.
      Class:      1.94 MB used.
       Both:     16.69 MB used.

Virtual space:
  Non-class space:       64.00 MB reserved,      14.88 MB ( 23%) committed,  1 nodes.
      Class space:        1.00 GB reserved,       2.06 MB ( <1%) committed,  1 nodes.
             Both:        1.06 GB reserved,      16.94 MB (  2%) committed. 

Chunk freelists:
   Non-Class:  560.00 KB
       Class:  13.98 MB
        Both:  14.53 MB

MaxMetaspaceSize: unlimited
CompressedClassSpaceSize: 1.00 GB
Initial GC threshold: 21.00 MB
Current GC threshold: 21.00 MB
CDS: off
MetaspaceReclaimPolicy: balanced
 - commit_granule_bytes: 65536.
 - commit_granule_words: 8192.
 - virtual_space_node_default_size: 8388608.
 - enlarge_chunks_in_place: 1.
 - new_chunks_are_fully_committed: 0.
 - uncommit_free_chunks: 1.
 - use_allocation_guard: 0.
 - handle_deallocations: 1.


Internal statistics:

num_allocs_failed_limit: 0.
num_arena_births: 78.
num_arena_deaths: 0.
num_vsnodes_births: 2.
num_vsnodes_deaths: 0.
num_space_committed: 271.
num_space_uncommitted: 0.
num_chunks_returned_to_freelist: 0.
num_chunks_taken_from_freelist: 328.
num_chunk_merges: 0.
num_chunk_splits: 213.
num_chunks_enlarged: 177.
num_inconsistent_stats: 0.

CodeHeap 'non-profiled nmethods': size=120000Kb used=484Kb max_used=484Kb free=119515Kb
 bounds [0x000001e6db8d0000, 0x000001e6dbb40000, 0x000001e6e2e00000]
CodeHeap 'profiled nmethods': size=120000Kb used=2448Kb max_used=2448Kb free=117551Kb
 bounds [0x000001e6d3e00000, 0x000001e6d4070000, 0x000001e6db330000]
CodeHeap 'non-nmethods': size=5760Kb used=1166Kb max_used=1187Kb free=4593Kb
 bounds [0x000001e6db330000, 0x000001e6db5a0000, 0x000001e6db8d0000]
 total_blobs=1792 nmethods=1329 adapters=376
 compilation: enabled
              stopped_count=0, restarted_count=0
 full_count=0

Compilation events (20 events):
Event: 52.926 Thread 0x000001e6ef0602f0 1323       3       java.nio.ByteBuffer::array (35 bytes)
Event: 52.926 Thread 0x000001e6ef057c20 nmethod 1320 0x000001e6db949010 code [0x000001e6db949180, 0x000001e6db949238]
Event: 52.926 Thread 0x000001e6ef057c20 1326       4       org.gradle.internal.logging.text.AbstractLineChoppingStyledTextOutput$2::execute (77 bytes)
Event: 52.926 Thread 0x000001e6ef0602f0 nmethod 1323 0x000001e6d4060f90 code [0x000001e6d4061160, 0x000001e6d4061438]
Event: 52.930 Thread 0x000001e6ef0602f0 1327       3       org.gradle.internal.logging.text.AbstractStyledTextOutput::text (19 bytes)
Event: 52.930 Thread 0x000001e6ef0602f0 nmethod 1327 0x000001e6d4061590 code [0x000001e6d4061740, 0x000001e6d4061a38]
Event: 52.930 Thread 0x000001e6ef0602f0 1328       3       java.nio.ByteBuffer::hasArray (20 bytes)
Event: 52.931 Thread 0x000001e6ef0602f0 nmethod 1328 0x000001e6d4061b10 code [0x000001e6d4061ca0, 0x000001e6d4061e58]
Event: 52.932 Thread 0x000001e6ef0602f0 1329       3       org.gradle.internal.logging.text.AbstractLineChoppingStyledTextOutput::doAppend (43 bytes)
Event: 52.933 Thread 0x000001e6ef0602f0 nmethod 1329 0x000001e6d4061f10 code [0x000001e6d4062100, 0x000001e6d40625c8]
Event: 52.933 Thread 0x000001e6ef0602f0 1332       3       sun.nio.cs.StreamEncoder::ensureOpen (18 bytes)
Event: 52.933 Thread 0x000001e6ef0602f0 nmethod 1332 0x000001e6d4062790 code [0x000001e6d4062940, 0x000001e6d4062b68]
Event: 52.933 Thread 0x000001e6ef0602f0 1333       3       java.io.PrintStream::ensureOpen (18 bytes)
Event: 52.933 Thread 0x000001e6ef0602f0 nmethod 1333 0x000001e6d4062c90 code [0x000001e6d4062e40, 0x000001e6d4063068]
Event: 52.933 Thread 0x000001e6ef0602f0 1334  s    3       java.io.BufferedOutputStream::flush (12 bytes)
Event: 52.933 Thread 0x000001e6ef0602f0 nmethod 1334 0x000001e6d4063190 code [0x000001e6d4063360, 0x000001e6d4063758]
Event: 52.933 Thread 0x000001e6ef0602f0 1330       3       java.nio.CharBuffer::hasArray (20 bytes)
Event: 52.933 Thread 0x000001e6ef0602f0 nmethod 1330 0x000001e6d4063890 code [0x000001e6d4063a20, 0x000001e6d4063bd8]
Event: 52.933 Thread 0x000001e6ef0602f0 1331       3       java.nio.CharBuffer::array (35 bytes)
Event: 52.934 Thread 0x000001e6ef0602f0 nmethod 1331 0x000001e6d4063c90 code [0x000001e6d4063e60, 0x000001e6d4064138]

GC Heap History (2 events):
Event: 3.075 GC heap before
{Heap before GC invocations=0 (full 0):
 garbage-first heap   total 129024K, used 26624K [0x0000000082e00000, 0x0000000100000000)
  region size 1024K, 23 young (23552K), 0 survivors (0K)
 Metaspace       used 11198K, committed 11328K, reserved 1114112K
  class space    used 1153K, committed 1216K, reserved 1048576K
}
Event: 3.084 GC heap after
{Heap after GC invocations=1 (full 0):
 garbage-first heap   total 129024K, used 10785K [0x0000000082e00000, 0x0000000100000000)
  region size 1024K, 3 young (3072K), 3 survivors (3072K)
 Metaspace       used 11198K, committed 11328K, reserved 1114112K
  class space    used 1153K, committed 1216K, reserved 1048576K
}

Dll operation events (2 events):
Event: 0.011 Loaded shared library C:\Program Files\Android\Android Studio1\jbr\bin\java.dll
Event: 0.298 Loaded shared library C:\Program Files\Android\Android Studio1\jbr\bin\verify.dll

Deoptimization events (20 events):
Event: 3.391 Thread 0x000001e6cf15c700 Uncommon trap: trap_request=0xffffff45 fr.pc=0x000001e6db922990 relative=0x00000000000005d0
Event: 3.391 Thread 0x000001e6cf15c700 Uncommon trap: reason=unstable_if action=reinterpret pc=0x000001e6db922990 method=java.util.HashMap.hash(Ljava/lang/Object;)I @ 1 c2
Event: 3.391 Thread 0x000001e6cf15c700 DEOPT PACKING pc=0x000001e6db922990 sp=0x000000dcec6fc6f0
Event: 3.391 Thread 0x000001e6cf15c700 DEOPT UNPACKING pc=0x000001e6db3869a3 sp=0x000000dcec6fc608 mode 2
Event: 3.402 Thread 0x000001e6cf15c700 DEOPT PACKING pc=0x000001e6d3e96e65 sp=0x000000dcec6fb720
Event: 3.402 Thread 0x000001e6cf15c700 DEOPT UNPACKING pc=0x000001e6db387143 sp=0x000000dcec6fab70 mode 0
Event: 3.476 Thread 0x000001e6cf15c700 Uncommon trap: trap_request=0xffffff45 fr.pc=0x000001e6db902cdc relative=0x000000000000113c
Event: 3.476 Thread 0x000001e6cf15c700 Uncommon trap: reason=unstable_if action=reinterpret pc=0x000001e6db902cdc method=java.util.HashMap.putVal(ILjava/lang/Object;Ljava/lang/Object;ZZ)Ljava/lang/Object; @ 236 c2
Event: 3.476 Thread 0x000001e6cf15c700 DEOPT PACKING pc=0x000001e6db902cdc sp=0x000000dcec6fba90
Event: 3.476 Thread 0x000001e6cf15c700 DEOPT UNPACKING pc=0x000001e6db3869a3 sp=0x000000dcec6fba58 mode 2
Event: 3.565 Thread 0x000001e6cf15c700 DEOPT PACKING pc=0x000001e6d3edd2b8 sp=0x000000dcec6f6730
Event: 3.565 Thread 0x000001e6cf15c700 DEOPT UNPACKING pc=0x000001e6db387143 sp=0x000000dcec6f5c48 mode 0
Event: 3.856 Thread 0x000001e6cf15c700 Uncommon trap: trap_request=0xffffff45 fr.pc=0x000001e6db904224 relative=0x0000000000000664
Event: 3.856 Thread 0x000001e6cf15c700 Uncommon trap: reason=unstable_if action=reinterpret pc=0x000001e6db904224 method=java.lang.AbstractStringBuilder.append(Ljava/lang/String;)Ljava/lang/AbstractStringBuilder; @ 1 c2
Event: 3.856 Thread 0x000001e6cf15c700 DEOPT PACKING pc=0x000001e6db904224 sp=0x000000dcec6fc2f0
Event: 3.856 Thread 0x000001e6cf15c700 DEOPT UNPACKING pc=0x000001e6db3869a3 sp=0x000000dcec6fc270 mode 2
Event: 3.856 Thread 0x000001e6cf15c700 Uncommon trap: trap_request=0xffffff45 fr.pc=0x000001e6db90d824 relative=0x0000000000000664
Event: 3.856 Thread 0x000001e6cf15c700 Uncommon trap: reason=unstable_if action=reinterpret pc=0x000001e6db90d824 method=java.lang.AbstractStringBuilder.append(Ljava/lang/String;)Ljava/lang/AbstractStringBuilder; @ 1 c2
Event: 3.856 Thread 0x000001e6cf15c700 DEOPT PACKING pc=0x000001e6db90d824 sp=0x000000dcec6fc290
Event: 3.856 Thread 0x000001e6cf15c700 DEOPT UNPACKING pc=0x000001e6db3869a3 sp=0x000000dcec6fc278 mode 2

Classes unloaded (0 events):
No events

Classes redefined (0 events):
No events

Internal exceptions (18 events):
Event: 0.590 Thread 0x000001e6cf15c700 Exception <a 'java/lang/NoSuchMethodError'{0x000000008a832540}: 'int java.lang.invoke.DirectMethodHandle$Holder.invokeStaticInit(java.lang.Object, java.lang.Object)'> (0x000000008a832540) 
thrown [s\src\hotspot\share\interpreter\linkResolver.cpp, line 771]
Event: 2.923 Thread 0x000001e6cf15c700 Exception <a 'java/lang/NoSuchMethodError'{0x000000008951a438}: 'void java.lang.invoke.DirectMethodHandle$Holder.invokeStatic(java.lang.Object, java.lang.Object)'> (0x000000008951a438) 
thrown [s\src\hotspot\share\interpreter\linkResolver.cpp, line 771]
Event: 3.042 Thread 0x000001e6cf15c700 Exception <a 'java/lang/NoClassDefFoundError'{0x00000000895a62d0}: org/slf4j/impl/StaticMarkerBinder> (0x00000000895a62d0) 
thrown [s\src\hotspot\share\classfile\systemDictionary.cpp, line 245]
Event: 3.117 Thread 0x000001e6cf15c700 Exception <a 'java/lang/NoSuchMethodError'{0x000000008ab47228}: 'java.lang.Object java.lang.invoke.DirectMethodHandle$Holder.invokeVirtual(java.lang.Object, java.lang.Object, java.lang.Object, java.lang.Object, java.lang.Object, java.lang.Object, java.lang.Object)'> (0x000000008ab47228) 
thrown [s\src\hotspot\share\interpreter\linkResolver.cpp, line 771]
Event: 3.130 Thread 0x000001e6cf15c700 Exception <a 'java/lang/NoSuchMethodError'{0x000000008ab587b8}: 'java.lang.Object java.lang.invoke.Invokers$Holder.invoker(java.lang.Object, java.lang.Object, java.lang.Object)'> (0x000000008ab587b8) 
thrown [s\src\hotspot\share\interpreter\linkResolver.cpp, line 771]
Event: 3.141 Thread 0x000001e6cf15c700 Exception <a 'java/lang/NoSuchMethodError'{0x000000008ab61968}: 'java.lang.Object java.lang.invoke.DirectMethodHandle$Holder.invokeStatic(java.lang.Object, java.lang.Object, int)'> (0x000000008ab61968) 
thrown [s\src\hotspot\share\interpreter\linkResolver.cpp, line 771]
Event: 3.144 Thread 0x000001e6cf15c700 Exception <a 'java/lang/NoSuchMethodError'{0x000000008ab6d658}: 'void java.lang.invoke.DelegatingMethodHandle$Holder.delegate(java.lang.Object, java.lang.Object, int, java.lang.Object)'> (0x000000008ab6d658) 
thrown [s\src\hotspot\share\interpreter\linkResolver.cpp, line 771]
Event: 3.145 Thread 0x000001e6cf15c700 Exception <a 'java/lang/NoSuchMethodError'{0x000000008ab71820}: 'int java.lang.invoke.DirectMethodHandle$Holder.invokeSpecial(java.lang.Object, java.lang.Object, java.lang.Object)'> (0x000000008ab71820) 
thrown [s\src\hotspot\share\interpreter\linkResolver.cpp, line 771]
Event: 3.150 Thread 0x000001e6cf15c700 Exception <a 'java/lang/NoSuchMethodError'{0x000000008abcc720}: 'java.lang.Object java.lang.invoke.Invokers$Holder.invokeExact_MT(java.lang.Object, java.lang.Object, java.lang.Object, java.lang.Object)'> (0x000000008abcc720) 
thrown [s\src\hotspot\share\interpreter\linkResolver.cpp, line 771]
Event: 3.364 Thread 0x000001e6cf15c700 Exception <a 'java/lang/NoSuchMethodError'{0x000000008a5390e0}: 'void java.lang.invoke.DirectMethodHandle$Holder.invokeSpecial(java.lang.Object, java.lang.Object, java.lang.Object)'> (0x000000008a5390e0) 
thrown [s\src\hotspot\share\interpreter\linkResolver.cpp, line 771]
Event: 3.391 Thread 0x000001e6cf15c700 Implicit null exception at 0x000001e6db92068f to 0x000001e6db920be0
Event: 3.391 Thread 0x000001e6cf15c700 Implicit null exception at 0x000001e6db92240f to 0x000001e6db922970
Event: 3.435 Thread 0x000001e6cf15c700 Exception <a 'java/lang/NoSuchMethodError'{0x000000008a48cb78}: 'java.lang.Object java.lang.invoke.DirectMethodHandle$Holder.invokeStaticInit(java.lang.Object)'> (0x000000008a48cb78) 
thrown [s\src\hotspot\share\interpreter\linkResolver.cpp, line 771]
Event: 3.633 Thread 0x000001e6cf15c700 Exception <a 'java/lang/NoSuchMethodError'{0x000000008a0464d8}: 'java.lang.Object java.lang.invoke.DirectMethodHandle$Holder.invokeStaticInit(java.lang.Object, int, int, int, int)'> (0x000000008a0464d8) 
thrown [s\src\hotspot\share\interpreter\linkResolver.cpp, line 771]
Event: 3.710 Thread 0x000001e6cf15c700 Exception <a 'java/lang/NoSuchMethodError'{0x000000008a061e50}: 'java.lang.Object java.lang.invoke.DirectMethodHandle$Holder.invokeStaticInit(java.lang.Object, java.lang.Object, int, int, int, int)'> (0x000000008a061e50) 
thrown [s\src\hotspot\share\interpreter\linkResolver.cpp, line 771]
Event: 3.839 Thread 0x000001e6cf15c700 Exception <a 'java/lang/NoSuchMethodError'{0x000000008a08f8e8}: 'void java.lang.invoke.DirectMethodHandle$Holder.invokeStatic(java.lang.Object, java.lang.Object, java.lang.Object)'> (0x000000008a08f8e8) 
thrown [s\src\hotspot\share\interpreter\linkResolver.cpp, line 771]
Event: 3.855 Thread 0x000001e6cf15c700 Implicit null exception at 0x000001e6db903bf2 to 0x000001e6db90420c
Event: 3.856 Thread 0x000001e6cf15c700 Implicit null exception at 0x000001e6db90d1f2 to 0x000001e6db90d80c

VM Operations (20 events):
Event: 3.499 Executing VM operation: HandshakeAllThreads
Event: 3.499 Executing VM operation: HandshakeAllThreads done
Event: 3.576 Executing VM operation: HandshakeAllThreads
Event: 3.576 Executing VM operation: HandshakeAllThreads done
Event: 3.708 Executing VM operation: HandshakeAllThreads
Event: 3.708 Executing VM operation: HandshakeAllThreads done
Event: 4.712 Executing VM operation: Cleanup
Event: 4.713 Executing VM operation: Cleanup done
Event: 8.750 Executing VM operation: Cleanup
Event: 8.750 Executing VM operation: Cleanup done
Event: 20.842 Executing VM operation: Cleanup
Event: 20.842 Executing VM operation: Cleanup done
Event: 25.890 Executing VM operation: Cleanup
Event: 25.890 Executing VM operation: Cleanup done
Event: 28.926 Executing VM operation: Cleanup
Event: 28.926 Executing VM operation: Cleanup done
Event: 30.949 Executing VM operation: Cleanup
Event: 30.949 Executing VM operation: Cleanup done
Event: 42.068 Executing VM operation: Cleanup
Event: 42.072 Executing VM operation: Cleanup done

Events (20 events):
Event: 18.554 loading class jdk/internal/reflect/ByteVectorFactory
Event: 18.554 loading class jdk/internal/reflect/ByteVectorFactory done
Event: 18.554 loading class jdk/internal/reflect/ByteVectorImpl
Event: 18.554 loading class jdk/internal/reflect/ByteVector
Event: 18.554 loading class jdk/internal/reflect/ByteVector done
Event: 18.554 loading class jdk/internal/reflect/ByteVectorImpl done
Event: 18.554 loading class jdk/internal/reflect/ClassFileAssembler
Event: 18.554 loading class jdk/internal/reflect/ClassFileAssembler done
Event: 18.554 loading class jdk/internal/reflect/UTF8
Event: 18.559 loading class jdk/internal/reflect/UTF8 done
Event: 18.560 loading class jdk/internal/reflect/Label
Event: 18.560 loading class jdk/internal/reflect/Label done
Event: 18.560 loading class jdk/internal/reflect/Label$PatchInfo
Event: 18.560 loading class jdk/internal/reflect/Label$PatchInfo done
Event: 18.560 loading class jdk/internal/reflect/MethodAccessorGenerator$1
Event: 18.560 loading class jdk/internal/reflect/MethodAccessorGenerator$1 done
Event: 18.560 loading class jdk/internal/reflect/ClassDefiner
Event: 18.560 loading class jdk/internal/reflect/ClassDefiner done
Event: 18.560 loading class jdk/internal/reflect/ClassDefiner$1
Event: 18.560 loading class jdk/internal/reflect/ClassDefiner$1 done


Dynamic libraries:
0x00007ff63dfb0000 - 0x00007ff63dfba000 	C:\Program Files\Android\Android Studio1\jbr\bin\java.exe
0x00007ffa4d210000 - 0x00007ffa4d427000 	C:\Windows\SYSTEM32\ntdll.dll
0x00007ffa4c6d0000 - 0x00007ffa4c794000 	C:\Windows\System32\KERNEL32.DLL
0x00007ffa4a9b0000 - 0x00007ffa4ad83000 	C:\Windows\System32\KERNELBASE.dll
0x00007ffa4ad90000 - 0x00007ffa4aea1000 	C:\Windows\System32\ucrtbase.dll
0x00007ffa0d080000 - 0x00007ffa0d09b000 	C:\Program Files\Android\Android Studio1\jbr\bin\VCRUNTIME140.dll
0x00007ff9fa870000 - 0x00007ff9fa887000 	C:\Program Files\Android\Android Studio1\jbr\bin\jli.dll
0x00007ffa4b050000 - 0x00007ffa4b201000 	C:\Windows\System32\USER32.dll
0x00007ffa3d2e0000 - 0x00007ffa3d578000 	C:\Windows\WinSxS\amd64_microsoft.windows.common-controls_6595b64144ccf1df_6.0.22621.5124_none_270e8f4f7386d69d\COMCTL32.dll
0x00007ffa4a980000 - 0x00007ffa4a9a6000 	C:\Windows\System32\win32u.dll
0x00007ffa4c8c0000 - 0x00007ffa4c967000 	C:\Windows\System32\msvcrt.dll
0x00007ffa4c9a0000 - 0x00007ffa4c9c9000 	C:\Windows\System32\GDI32.dll
0x00007ffa4a3e0000 - 0x00007ffa4a4fb000 	C:\Windows\System32\gdi32full.dll
0x00007ffa4a7a0000 - 0x00007ffa4a83a000 	C:\Windows\System32\msvcp_win.dll
0x00007ffa4aeb0000 - 0x00007ffa4aee1000 	C:\Windows\System32\IMM32.DLL
0x00007ffa402c0000 - 0x00007ffa402cc000 	C:\Program Files\Android\Android Studio1\jbr\bin\vcruntime140_1.dll
0x00007ffa0c820000 - 0x00007ffa0c8ad000 	C:\Program Files\Android\Android Studio1\jbr\bin\msvcp140.dll
0x00007ff9dde80000 - 0x00007ff9deb03000 	C:\Program Files\Android\Android Studio1\jbr\bin\server\jvm.dll
0x00007ffa4c7a0000 - 0x00007ffa4c851000 	C:\Windows\System32\ADVAPI32.dll
0x00007ffa4b790000 - 0x00007ffa4b838000 	C:\Windows\System32\sechost.dll
0x00007ffa4a770000 - 0x00007ffa4a798000 	C:\Windows\System32\bcrypt.dll
0x00007ffa4cc20000 - 0x00007ffa4cd34000 	C:\Windows\System32\RPCRT4.dll
0x00007ffa402f0000 - 0x00007ffa402f9000 	C:\Windows\SYSTEM32\WSOCK32.dll
0x00007ffa4a1f0000 - 0x00007ffa4a23d000 	C:\Windows\SYSTEM32\POWRPROF.dll
0x00007ffa45e00000 - 0x00007ffa45e34000 	C:\Windows\SYSTEM32\WINMM.dll
0x00007ffa4c480000 - 0x00007ffa4c4f1000 	C:\Windows\System32\WS2_32.dll
0x00007ffa3dba0000 - 0x00007ffa3dbaa000 	C:\Windows\SYSTEM32\VERSION.dll
0x00007ffa4a1d0000 - 0x00007ffa4a1e3000 	C:\Windows\SYSTEM32\UMPDC.dll
0x00007ffa49310000 - 0x00007ffa49328000 	C:\Windows\SYSTEM32\kernel.appcore.dll
0x00007ffa13190000 - 0x00007ffa1319a000 	C:\Program Files\Android\Android Studio1\jbr\bin\jimage.dll
0x00007ffa477b0000 - 0x00007ffa479e2000 	C:\Windows\SYSTEM32\DBGHELP.DLL
0x00007ffa4b840000 - 0x00007ffa4bbd2000 	C:\Windows\System32\combase.dll
0x00007ffa4d0e0000 - 0x00007ffa4d1b7000 	C:\Windows\System32\OLEAUT32.dll
0x00007ffa308a0000 - 0x00007ffa308d2000 	C:\Windows\SYSTEM32\dbgcore.DLL
0x00007ffa4a500000 - 0x00007ffa4a57b000 	C:\Windows\System32\bcryptPrimitives.dll
0x00007ffa0d050000 - 0x00007ffa0d075000 	C:\Program Files\Android\Android Studio1\jbr\bin\java.dll
0x00007ffa0d030000 - 0x00007ffa0d048000 	C:\Program Files\Android\Android Studio1\jbr\bin\zip.dll
0x00007ffa4bbe0000 - 0x00007ffa4c476000 	C:\Windows\System32\SHELL32.dll
0x00007ffa4a840000 - 0x00007ffa4a97f000 	C:\Windows\System32\wintypes.dll
0x00007ffa481f0000 - 0x00007ffa48b0a000 	C:\Windows\SYSTEM32\windows.storage.dll
0x00007ffa4cd60000 - 0x00007ffa4ce6a000 	C:\Windows\System32\SHCORE.dll
0x00007ffa4cbb0000 - 0x00007ffa4cc13000 	C:\Windows\System32\shlwapi.dll
0x00007ffa4a250000 - 0x00007ffa4a27b000 	C:\Windows\SYSTEM32\profapi.dll
0x00007ffa0d010000 - 0x00007ffa0d029000 	C:\Program Files\Android\Android Studio1\jbr\bin\net.dll
0x00007ffa46bb0000 - 0x00007ffa46cdc000 	C:\Windows\SYSTEM32\WINHTTP.dll
0x00007ffa49780000 - 0x00007ffa497ea000 	C:\Windows\system32\mswsock.dll
0x00007ffa0cff0000 - 0x00007ffa0d006000 	C:\Program Files\Android\Android Studio1\jbr\bin\nio.dll
0x00007ff9faa40000 - 0x00007ff9faa50000 	C:\Program Files\Android\Android Studio1\jbr\bin\verify.dll
0x00007ffa3ff70000 - 0x00007ffa3ff97000 	C:\Users\Dell\.gradle\native\c067742578af261105cb4f569cf0c3c89f3d7b1fecec35dd04571415982c5e48\windows-amd64\native-platform.dll
0x00007ffa0a640000 - 0x00007ffa0a649000 	C:\Program Files\Android\Android Studio1\jbr\bin\management.dll
0x00007ff9fa2e0000 - 0x00007ff9fa2eb000 	C:\Program Files\Android\Android Studio1\jbr\bin\management_ext.dll
0x00007ffa4cd40000 - 0x00007ffa4cd48000 	C:\Windows\System32\PSAPI.DLL
0x00007ffa49ad0000 - 0x00007ffa49aeb000 	C:\Windows\SYSTEM32\CRYPTSP.dll
0x00007ffa49270000 - 0x00007ffa492a7000 	C:\Windows\system32\rsaenh.dll
0x00007ffa49820000 - 0x00007ffa49848000 	C:\Windows\SYSTEM32\USERENV.dll
0x00007ffa49ab0000 - 0x00007ffa49abc000 	C:\Windows\SYSTEM32\CRYPTBASE.dll
0x00007ffa48d70000 - 0x00007ffa48d9d000 	C:\Windows\SYSTEM32\IPHLPAPI.DLL
0x00007ffa4c970000 - 0x00007ffa4c979000 	C:\Windows\System32\NSI.dll
0x00007ffa460e0000 - 0x00007ffa460f9000 	C:\Windows\SYSTEM32\dhcpcsvc6.DLL
0x00007ffa460c0000 - 0x00007ffa460df000 	C:\Windows\SYSTEM32\dhcpcsvc.DLL
0x00007ffa48da0000 - 0x00007ffa48ea2000 	C:\Windows\SYSTEM32\DNSAPI.dll
0x00007ffa0a650000 - 0x00007ffa0a659000 	C:\Program Files\Android\Android Studio1\jbr\bin\extnet.dll
0x00007ff9e2600000 - 0x00007ff9e2608000 	C:\Windows\system32\wshunix.dll

dbghelp: loaded successfully - version: 4.0.5 - missing functions: none
symbol engine: initialized successfully - sym options: 0x614 - pdb path: .;C:\Program Files\Android\Android Studio1\jbr\bin;C:\Windows\SYSTEM32;C:\Windows\WinSxS\amd64_microsoft.windows.common-controls_6595b64144ccf1df_6.0.22621.5124_none_270e8f4f7386d69d;C:\Program Files\Android\Android Studio1\jbr\bin\server;C:\Users\Dell\.gradle\native\c067742578af261105cb4f569cf0c3c89f3d7b1fecec35dd04571415982c5e48\windows-amd64

VM Arguments:
jvm_args: -Dorg.gradle.appname=gradlew 
java_command: org.gradle.wrapper.GradleWrapperMain -q -Ptarget-platform=android-arm64 -Ptarget=D:\projects\matpit\lib\main.dart -Pbase-application-name=android.app.Application -Pdart-defines=Zmx1dHRlci5pbnNwZWN0b3Iuc3RydWN0dXJlZEVycm9ycz10cnVl -Pdart-obfuscation=false -Ptrack-widget-creation=true -Ptree-shake-icons=false -Pfilesystem-scheme=org-dartlang-root assembleDebug
java_class_path (initial): D:\projects\matpit\android\\gradle\wrapper\gradle-wrapper.jar
Launcher Type: SUN_STANDARD

[Global flags]
     intx CICompilerCount                          = 4                                         {product} {ergonomic}
     uint ConcGCThreads                            = 2                                         {product} {ergonomic}
     uint G1ConcRefinementThreads                  = 8                                         {product} {ergonomic}
   size_t G1HeapRegionSize                         = 1048576                                   {product} {ergonomic}
    uintx GCDrainStackTargetSize                   = 64                                        {product} {ergonomic}
   size_t InitialHeapSize                          = 132120576                                 {product} {ergonomic}
   size_t MarkStackSize                            = 4194304                                   {product} {ergonomic}
   size_t MaxHeapSize                              = 2099249152                                {product} {ergonomic}
   size_t MaxNewSize                               = 1259339776                                {product} {ergonomic}
   size_t MinHeapDeltaBytes                        = 1048576                                   {product} {ergonomic}
   size_t MinHeapSize                              = 8388608                                   {product} {ergonomic}
    uintx NonNMethodCodeHeapSize                   = 5839372                                {pd product} {ergonomic}
    uintx NonProfiledCodeHeapSize                  = 122909434                              {pd product} {ergonomic}
    uintx ProfiledCodeHeapSize                     = 122909434                              {pd product} {ergonomic}
    uintx ReservedCodeCacheSize                    = 251658240                              {pd product} {ergonomic}
     bool SegmentedCodeCache                       = true                                      {product} {ergonomic}
   size_t SoftMaxHeapSize                          = 2099249152                             {manageable} {ergonomic}
     bool UseCompressedClassPointers               = true                           {product lp64_product} {ergonomic}
     bool UseCompressedOops                        = true                           {product lp64_product} {ergonomic}
     bool UseG1GC                                  = true                                      {product} {ergonomic}
     bool UseLargePagesIndividualAllocation        = false                                  {pd product} {ergonomic}

Logging:
Log output configuration:
 #0: stdout all=warning uptime,level,tags
 #1: stderr all=off uptime,level,tags

Environment Variables:
JAVA_HOME=C:\Program Files\Android\Android Studio1\jbr
CLASSPATH=D:\projects\matpit\android\\gradle\wrapper\gradle-wrapper.jar
PATH=C:\Program Files\Android\Android Studio1\jbr\bin;C:\Windows\system32;C:\Windows;C:\Windows\System32\Wbem;C:\Windows\System32\WindowsPowerShell\v1.0\;C:\Windows\System32\OpenSSH\;C:\Program Files\dotnet\;C:\Users\Dell\Downloads\jdk-21_windows-x64_bin\jdk-21.0.8\bin;C:\Program Files\Git\cmd;C:\Users\Dell\AppData\Local\Microsoft\WindowsApps;D:\flutter_windows_3.24.3-stable\flutter\bin;C:\Users\Dell\Downloads\jdk-21_windows-x64_bin\jdk-21.0.8\bin;;D:\flutter_windows_3.24.3-stable\flutter\bin\mingit\cmd
USERNAME=Dell
OS=Windows_NT
PROCESSOR_IDENTIFIER=Intel64 Family 6 Model 142 Stepping 12, GenuineIntel
TMP=C:\Users\Dell\AppData\Local\Temp
TEMP=C:\Users\Dell\AppData\Local\Temp



Periodic native trim disabled

JNI global refs:
JNI global refs: 20, weak refs: 2

JNI global refs memory usage: 843, weak refs: 841

Process memory usage:
Resident Set Size: 17840K (0% of 8194772K total physical memory with 1072128K free physical memory)

OOME stack traces (most recent first):
Classloader memory used:
Loader bootstrap                                                                       : 1540K
Loader org.gradle.internal.classloader.VisitableURLClassLoader                         : 536K
Loader java.net.URLClassLoader                                                         : 28205B
Loader jdk.internal.loader.ClassLoaders$AppClassLoader                                 : 18431B
Loader jdk.internal.loader.ClassLoaders$PlatformClassLoader                            : 14152B
Loader jdk.internal.reflect.DelegatingClassLoader                                      : 439B

Classes loaded by more than one classloader:
Class org.gradle.internal.installation.GradleInstallation                             : loaded 2 times (x 73B)
Class org.gradle.cli.ParsedCommandLine                                                : loaded 2 times (x 78B)
Class org.gradle.internal.classpath.ClassPath                                         : loaded 2 times (x 68B)
Class org.gradle.api.Action                                                           : loaded 2 times (x 68B)
Class org.gradle.cli.CommandLineParser$OptionString                                   : loaded 2 times (x 71B)
Class org.gradle.internal.installation.GradleInstallation$1                           : loaded 2 times (x 73B)
Class org.gradle.cli.CommandLineParser$AfterOptions                                   : loaded 2 times (x 75B)
Class org.gradle.cli.CommandLineParser$AfterFirstSubCommand                           : loaded 2 times (x 75B)
Class org.gradle.internal.service.UnknownServiceException                             : loaded 2 times (x 81B)
Class org.gradle.api.GradleException                                                  : loaded 2 times (x 80B)
Class org.gradle.api.internal.classpath.ModuleRegistry                                : loaded 2 times (x 68B)
Class org.gradle.cli.CommandLineParser$KnownOptionParserState                         : loaded 2 times (x 74B)
Class org.gradle.cli.AbstractPropertiesCommandLineConverter                           : loaded 2 times (x 81B)
Class org.gradle.api.specs.Spec                                                       : loaded 2 times (x 68B)
Class org.gradle.cli.SystemPropertiesCommandLineConverter                             : loaded 2 times (x 81B)
Class org.gradle.internal.IoActions                                                   : loaded 2 times (x 69B)
Class org.gradle.internal.installation.CurrentGradleInstallation                      : loaded 2 times (x 71B)
Class org.gradle.internal.installation.CurrentGradleInstallationLocator               : loaded 2 times (x 69B)
Class org.gradle.internal.classpath.DefaultClassPath                                  : loaded 2 times (x 88B)
Class org.gradle.cli.CommandLineParser                                                : loaded 2 times (x 77B)
Class org.gradle.cli.CommandLineParser$BeforeFirstSubCommand                          : loaded 2 times (x 75B)
Class org.gradle.cli.CommandLineOption                                                : loaded 2 times (x 84B)
Class org.gradle.cli.CommandLineParser$ParserState                                    : loaded 2 times (x 74B)
Class org.gradle.cli.CommandLineParser$MissingOptionArgState                          : loaded 2 times (x 75B)
Class org.gradle.api.UncheckedIOException                                             : loaded 2 times (x 80B)
Class org.gradle.cli.ParsedCommandLineOption                                          : loaded 2 times (x 74B)
Class org.gradle.internal.classloader.ClasspathUtil                                   : loaded 2 times (x 69B)
Class org.gradle.cli.CommandLineParser$UnknownOptionParserState                       : loaded 2 times (x 74B)
Class org.gradle.internal.service.ServiceLookupException                              : loaded 2 times (x 80B)
Class org.gradle.util.internal.GUtil                                                  : loaded 2 times (x 69B)
Class org.gradle.cli.CommandLineParser$OptionAwareParserState                         : loaded 2 times (x 75B)
Class org.gradle.cli.CommandLineParser$OptionParserState                              : loaded 2 times (x 73B)
Class org.gradle.internal.Cast                                                        : loaded 2 times (x 69B)
Class org.gradle.cli.CommandLineConverter                                             : loaded 2 times (x 68B)
Class org.gradle.internal.InternalTransformer                                         : loaded 2 times (x 68B)
Class org.gradle.internal.classpath.DefaultClassPath$ImmutableUniqueList              : loaded 2 times (x 159B)
Class org.gradle.cli.AbstractCommandLineConverter                                     : loaded 2 times (x 77B)
Class org.gradle.cli.CommandLineArgumentException                                     : loaded 2 times (x 80B)


---------------  S Y S T E M  ---------------

OS:
 Windows 11 , 64 bit Build 22621 (10.0.22621.5124)
OS uptime: 0 days 5:09 hours
Hyper-V role detected

CPU: total 8 (initial active 8) (4 cores per cpu, 2 threads per core) family 6 model 142 stepping 12 microcode 0xea, cx8, cmov, fxsr, ht, mmx, 3dnowpref, sse, sse2, sse3, ssse3, sse4.1, sse4.2, popcnt, lzcnt, tsc, tscinvbit, avx, avx2, aes, erms, clmul, bmi1, bmi2, adx, fma, vzeroupper, clflush, clflushopt, hv
Processor Information for all 8 processors :
  Max Mhz: 1896, Current Mhz: 1596, Mhz Limit: 1592

Memory: 4k page, system-wide physical 8002M (1040M free)
TotalPageFile size 20755M (AvailPageFile size 0M)
current process WorkingSet (physical memory assigned to process): 20M, peak: 97M
current process commit charge ("private bytes"): 225M, peak: 232M

vm_info: OpenJDK 64-Bit Server VM (17.0.11+0--11852314) for windows-amd64 JRE (17.0.11+0--11852314), built on May 16 2024 21:29:20 by "androidbuild" with MS VC++ 16.10 / 16.11 (VS2019)

END.
